INFO 2025-06-04 08:59:19,077 usb_communication 9484 6976 Enviando C:\Users\DELL\AppData\Local\Temp\tmpa05lv4qk.jpg a /sdcard/photobooth/images/collage_test_session_123.jpg
INFO 2025-06-04 08:59:19,474 usb_communication 9484 6976 Collage enviado exitosamente a dispositivo móvil
INFO 2025-06-04 10:29:29,342 usb_communication 6432 20620 Enviando C:\django\DivertyCam-Django\media\collage\results\collage_2eb7dbfb-0dcc-4336-bdac-3826051f8ec1.jpeg a /sdcard/photobooth/images/collage_1d9931f7-484e-4ae7-93ad-9d608348bb93.jpg
INFO 2025-06-04 10:29:29,673 usb_communication 6432 20620 Collage enviado exitosamente a dispositivo móvil
INFO 2025-06-04 10:32:24,517 usb_communication 6432 23644 Enviando C:\django\DivertyCam-Django\media\collage\results\collage_2eb7dbfb-0dcc-4336-bdac-3826051f8ec1.jpeg a /sdcard/photobooth/images/collage_1d9931f7-484e-4ae7-93ad-9d608348bb93.jpg
INFO 2025-06-04 10:32:24,809 usb_communication 6432 23644 Collage enviado exitosamente a dispositivo móvil
INFO 2025-06-04 10:34:17,901 usb_communication 6432 23668 Enviando C:\django\DivertyCam-Django\media\collage\results\collage_0568d76a-3846-41ce-9d12-356782d4138f.jpeg a /sdcard/photobooth/images/collage_269ab412-dc75-4753-898f-c4da7c63bbf7.jpg
INFO 2025-06-04 10:34:18,170 usb_communication 6432 23668 Collage enviado exitosamente a dispositivo móvil
<<<<<<< HEAD
INFO 2025-06-04 21:20:18,364 usb_communication 24260 2436 Enviando C:\django\DivertyCam-Django\media\collage\results\collage_6633be4e-a50f-4ddf-a51c-f7d550014aed.jpeg a /sdcard/photobooth/images/collage_5b483358-456c-46e5-a75d-4ee7a0159d1d.jpg
INFO 2025-06-04 21:20:18,781 usb_communication 24260 2436 Collage enviado exitosamente a dispositivo móvil
INFO 2025-06-04 22:01:13,464 usb_communication 27916 2560 Enviando C:\django\DivertyCam-Django\media\collage\results\collage_15e99b0d-add6-4725-9ce0-6ca5f251bd43.jpeg a /sdcard/photobooth/images/collage_296cdd2e-1edc-476a-a1f5-5ddbec93ceb0.jpg
INFO 2025-06-04 22:01:13,845 usb_communication 27916 2560 Collage enviado exitosamente a dispositivo móvil
INFO 2025-06-04 22:38:29,642 usb_communication 27916 25348 Enviando C:\django\DivertyCam-Django\media\collage\results\collage_cbb05d16-30f6-4b59-91a6-863634138ae2.jpeg a /sdcard/photobooth/images/collage_0b453caf-a9b9-464a-94f2-c580f7afc114.jpg
INFO 2025-06-04 22:38:30,022 usb_communication 27916 25348 Collage enviado exitosamente a dispositivo móvil
INFO 2025-06-04 22:41:53,560 usb_communication 27916 15836 Enviando C:\django\DivertyCam-Django\media\collage\results\collage_cbb05d16-30f6-4b59-91a6-863634138ae2.jpeg a /sdcard/photobooth/images/collage_0b453caf-a9b9-464a-94f2-c580f7afc114.jpg
INFO 2025-06-04 22:41:53,957 usb_communication 27916 15836 Collage enviado exitosamente a dispositivo móvil
INFO 2025-06-04 22:42:26,739 usb_communication 27916 15836 Enviando C:\django\DivertyCam-Django\media\collage\results\collage_cbb05d16-30f6-4b59-91a6-863634138ae2.jpeg a /sdcard/photobooth/images/collage_0b453caf-a9b9-464a-94f2-c580f7afc114.jpg
INFO 2025-06-04 22:42:27,022 usb_communication 27916 15836 Collage enviado exitosamente a dispositivo móvil
INFO 2025-06-04 23:03:49,194 usb_communication 27916 19340 Enviando C:\django\DivertyCam-Django\media\collage\results\collage_ac7cb83f-686e-4577-bd49-733656622cdb.jpeg a /sdcard/photobooth/images/collage_1d7c4fd6-2364-4dc9-9c6c-24e9bdc28a00.jpg
INFO 2025-06-04 23:03:49,547 usb_communication 27916 19340 Collage enviado exitosamente a dispositivo móvil
INFO 2025-06-04 23:04:36,239 usb_communication 27916 19340 Enviando C:\django\DivertyCam-Django\media\collage\results\collage_ac7cb83f-686e-4577-bd49-733656622cdb.jpeg a /sdcard/photobooth/images/collage_1d7c4fd6-2364-4dc9-9c6c-24e9bdc28a00.jpg
INFO 2025-06-04 23:04:36,573 usb_communication 27916 19340 Collage enviado exitosamente a dispositivo móvil
INFO 2025-06-04 23:42:28,082 usb_communication 27916 25568 Enviando C:\django\DivertyCam-Django\media\collage\results\collage_a3f200fb-f361-4223-b87f-3ef05aa73a58.jpeg a /sdcard/photobooth/images/collage_90e72a35-ddfa-4c45-9449-05335fc62e1e.jpg
INFO 2025-06-04 23:42:28,442 usb_communication 27916 25568 Collage enviado exitosamente a dispositivo móvil
INFO 2025-06-05 00:01:33,097 usb_communication 27916 10768 Enviando C:\django\DivertyCam-Django\media\collage\results\collage_18d2eda6-4870-448e-8ced-ece0052e9291.jpeg a /sdcard/photobooth/images/collage_ea0c1b4f-f8b5-45c8-9f90-4917b567e43c.jpg
INFO 2025-06-05 00:01:33,494 usb_communication 27916 10768 Collage enviado exitosamente a dispositivo móvil
INFO 2025-06-05 06:16:46,046 usb_communication 28596 22048 Enviando C:\django\DivertyCam-Django\media\collage\results\collage_c7830a2f-c22a-4425-9d19-5742732861e7.jpeg a /sdcard/photobooth/images/collage_26f70916-5799-4feb-9e24-c6f6f3478914.jpg
INFO 2025-06-05 06:16:46,421 usb_communication 28596 22048 Collage enviado exitosamente a dispositivo móvil
INFO 2025-06-05 06:25:41,430 usb_communication 28596 19584 Enviando C:\django\DivertyCam-Django\media\collage\results\collage_611b9e75-4307-42b5-9a7a-2ee06e647a42.jpeg a /sdcard/photobooth/images/collage_9794ce28-21b6-4d19-a1a9-bfb29a3e5b5a.jpg
INFO 2025-06-05 06:25:41,813 usb_communication 28596 19584 Collage enviado exitosamente a dispositivo móvil
INFO 2025-06-05 07:17:57,252 usb_communication 27936 22260 Enviando C:\django\DivertyCam-Django\media\collage\results\collage_f8dc96a3-afb0-4afb-8c36-628a8ef49aad.jpeg a /sdcard/photobooth/images/collage_0f1a3302-2c55-4926-88cd-8be5947e81aa.jpg
INFO 2025-06-05 07:17:57,648 usb_communication 27936 22260 Collage enviado exitosamente a dispositivo móvil
INFO 2025-06-05 07:18:55,195 usb_communication 27936 27344 Enviando C:\django\DivertyCam-Django\media\collage\results\collage_f8dc96a3-afb0-4afb-8c36-628a8ef49aad.jpeg a /sdcard/photobooth/images/collage_0f1a3302-2c55-4926-88cd-8be5947e81aa.jpg
INFO 2025-06-05 07:18:55,543 usb_communication 27936 27344 Collage enviado exitosamente a dispositivo móvil
INFO 2025-06-05 09:02:08,290 usb_communication 20716 23528 Enviando C:\django\DivertyCam-Django\media\collage\results\collage_a6d43b27-f996-4cf9-907e-d88b889c27db.jpeg a /sdcard/photobooth/images/collage_6bf347b7-1a24-40d3-bb18-f0a92dc9ac5e.jpg
INFO 2025-06-05 09:02:08,714 usb_communication 20716 23528 Collage enviado exitosamente a dispositivo móvil
INFO 2025-06-05 09:10:33,293 usb_communication 20716 20632 Enviando C:\django\DivertyCam-Django\media\collage\results\collage_b279b1ab-eb88-4982-a22d-9120fea9d416.jpeg a /sdcard/photobooth/images/collage_a770faac-6197-496a-af3b-f837edce6d88.jpg
INFO 2025-06-05 09:10:33,569 usb_communication 20716 20632 Collage enviado exitosamente a dispositivo móvil
INFO 2025-06-05 09:14:54,201 usb_communication 2976 21324 Enviando C:\django\DivertyCam-Django\media\collage\results\collage_6c5beec0-063d-400a-8cd0-a1130f01b23e.jpeg a /sdcard/photobooth/images/collage_49765bf5-ccc1-43d9-a068-a66cfa665076.jpg
INFO 2025-06-05 09:14:54,511 usb_communication 2976 21324 Collage enviado exitosamente a dispositivo móvil
INFO 2025-06-05 09:17:04,746 usb_communication 2976 22892 Enviando C:\django\DivertyCam-Django\media\collage\results\collage_6c5beec0-063d-400a-8cd0-a1130f01b23e.jpeg a /sdcard/photobooth/images/collage_49765bf5-ccc1-43d9-a068-a66cfa665076.jpg
INFO 2025-06-05 09:17:05,119 usb_communication 2976 22892 Collage enviado exitosamente a dispositivo móvil
INFO 2025-06-05 09:31:58,348 usb_communication 14304 18520 Enviando C:\django\DivertyCam-Django\media\collage\results\collage_6155564e-b9a1-434a-a253-ef3c8641c437.jpeg a /sdcard/photobooth/images/collage_994497d8-957f-4ed9-a069-f6bbaa6504b9.jpg
INFO 2025-06-05 09:31:58,681 usb_communication 14304 18520 Collage enviado exitosamente a dispositivo móvil
INFO 2025-06-05 09:32:33,768 usb_communication 14304 21632 Enviando C:\django\DivertyCam-Django\media\collage\results\collage_6155564e-b9a1-434a-a253-ef3c8641c437.jpeg a /sdcard/photobooth/images/collage_994497d8-957f-4ed9-a069-f6bbaa6504b9.jpg
INFO 2025-06-05 09:32:34,139 usb_communication 14304 21632 Collage enviado exitosamente a dispositivo móvil
INFO 2025-06-05 10:39:39,910 usb_communication 14304 8740 Enviando C:\django\DivertyCam-Django\media\collage\results\collage_e739bc65-b30d-4bb0-9208-879277e7170c.jpeg a /sdcard/photobooth/images/collage_63f49cf7-8edd-4fe7-aa95-e62927bf4bae.jpg
INFO 2025-06-05 10:39:40,230 usb_communication 14304 8740 Collage enviado exitosamente a dispositivo móvil
INFO 2025-06-05 10:53:21,718 usb_communication 14304 11256 Enviando C:\django\DivertyCam-Django\media\collage\results\collage_6d6afa66-b078-48c1-9f35-5fbce88050b2.jpeg a /sdcard/photobooth/images/collage_6a3287c6-4c73-48e2-927b-f04e352983a6.jpg
INFO 2025-06-05 10:53:22,081 usb_communication 14304 11256 Collage enviado exitosamente a dispositivo móvil
INFO 2025-06-05 16:54:03,212 usb_communication 14304 22892 Enviando C:\django\DivertyCam-Django\media\collage\results\collage_6464c938-d479-43fa-b5f9-8f143e5a24d3.jpeg a /sdcard/photobooth/images/collage_ec9e84de-308f-428a-8d83-8bf59c13527a.jpg
INFO 2025-06-05 16:54:03,600 usb_communication 14304 22892 Collage enviado exitosamente a dispositivo móvil
INFO 2025-06-05 18:12:55,892 usb_communication 14304 4680 Enviando C:\django\DivertyCam-Django\media\collage\results\collage_b8e2cb2f-d6bd-4ff7-8902-a66c3c4a6ee6.jpeg a /sdcard/photobooth/images/collage_42658143-d141-4dbd-a1a6-d804d4a2c34a.jpg
INFO 2025-06-05 18:12:56,226 usb_communication 14304 4680 Collage enviado exitosamente a dispositivo móvil
INFO 2025-06-05 20:19:18,071 usb_communication 14304 21864 Enviando C:\django\DivertyCam-Django\media\collage\results\collage_83ddba9c-1e6f-4de1-a4e1-2ddee1dce135.jpeg a /sdcard/photobooth/images/collage_914f99a9-1744-4268-b013-bfad2f5ee3ee.jpg
INFO 2025-06-05 20:19:18,520 usb_communication 14304 21864 Collage enviado exitosamente a dispositivo móvil
INFO 2025-06-05 20:34:27,938 usb_communication 14304 6764 Enviando C:\django\DivertyCam-Django\media\collage\results\collage_eac7bce4-1837-4264-b399-fb2c23335398.jpeg a /sdcard/photobooth/images/collage_9bfb6c85-5977-4edc-b40a-1bef4ca73d1d.jpg
INFO 2025-06-05 20:34:28,308 usb_communication 14304 6764 Collage enviado exitosamente a dispositivo móvil
INFO 2025-06-05 20:42:47,278 usb_communication 14304 13828 Enviando C:\django\DivertyCam-Django\media\collage\results\collage_e3726af1-ca63-473d-8ddc-6b14d939e2b3.jpeg a /sdcard/photobooth/images/collage_42c9863b-1732-4102-8082-e46229100a03.jpg
INFO 2025-06-05 20:42:47,695 usb_communication 14304 13828 Collage enviado exitosamente a dispositivo móvil
INFO 2025-06-05 20:43:38,142 usb_communication 14304 4508 Enviando C:\django\DivertyCam-Django\media\collage\results\collage_e3726af1-ca63-473d-8ddc-6b14d939e2b3.jpeg a /sdcard/photobooth/images/collage_42c9863b-1732-4102-8082-e46229100a03.jpg
INFO 2025-06-05 20:43:38,453 usb_communication 14304 4508 Collage enviado exitosamente a dispositivo móvil
INFO 2025-06-05 20:46:23,768 usb_communication 14304 25364 Enviando C:\django\DivertyCam-Django\media\collage\results\collage_7c3300ee-60c5-4ec6-9226-7cebf195b71b.jpeg a /sdcard/photobooth/images/collage_b15f5da9-4629-4f93-b9a4-dfa080fde9c9.jpg
INFO 2025-06-05 20:46:24,144 usb_communication 14304 25364 Collage enviado exitosamente a dispositivo móvil
INFO 2025-06-05 21:08:42,127 usb_communication 14304 15744 Enviando C:\django\DivertyCam-Django\media\collage\results\collage_a9f5ffac-6d65-47cc-8ef5-82d3212d21d8.jpeg a /sdcard/photobooth/images/collage_32a518c8-9aa8-4b68-9533-a8dc8e9c9afe.jpg
INFO 2025-06-05 21:08:42,493 usb_communication 14304 15744 Collage enviado exitosamente a dispositivo móvil
INFO 2025-06-05 21:09:56,088 usb_communication 14304 15744 Enviando C:\django\DivertyCam-Django\media\collage\results\collage_a9f5ffac-6d65-47cc-8ef5-82d3212d21d8.jpeg a /sdcard/photobooth/images/collage_32a518c8-9aa8-4b68-9533-a8dc8e9c9afe.jpg
INFO 2025-06-05 21:09:56,499 usb_communication 14304 15744 Collage enviado exitosamente a dispositivo móvil
INFO 2025-06-05 21:11:28,208 usb_communication 14304 19512 Enviando C:\django\DivertyCam-Django\media\collage\results\collage_7a26a282-04be-4355-887d-e7eaa080c8fb.jpeg a /sdcard/photobooth/images/collage_4d7efa57-5564-431a-8e94-3d44de4552c1.jpg
INFO 2025-06-05 21:11:28,614 usb_communication 14304 19512 Collage enviado exitosamente a dispositivo móvil
INFO 2025-06-05 21:13:25,829 usb_communication 14304 3852 Enviando C:\django\DivertyCam-Django\media\collage\results\collage_42da5f99-5832-4abd-997e-f7db5e3ef202.jpeg a /sdcard/photobooth/images/collage_b077c762-801c-470e-8ef8-6e613d3b2959.jpg
INFO 2025-06-05 21:13:26,171 usb_communication 14304 3852 Collage enviado exitosamente a dispositivo móvil
INFO 2025-06-05 22:44:18,034 usb_communication 14304 24040 Enviando C:\django\DivertyCam-Django\media\collage\results\collage_ad8666ba-a8ba-406b-8b32-61ad786a89c9.jpeg a /sdcard/photobooth/images/collage_029b4cba-973f-41b8-b73e-0cd4f2d6f154.jpg
INFO 2025-06-05 22:44:18,546 usb_communication 14304 24040 Collage enviado exitosamente a dispositivo móvil
INFO 2025-06-05 22:44:50,532 usb_communication 14304 24040 Enviando C:\django\DivertyCam-Django\media\collage\results\collage_ad8666ba-a8ba-406b-8b32-61ad786a89c9.jpeg a /sdcard/photobooth/images/collage_029b4cba-973f-41b8-b73e-0cd4f2d6f154.jpg
INFO 2025-06-05 22:44:50,941 usb_communication 14304 24040 Collage enviado exitosamente a dispositivo móvil
INFO 2025-06-05 22:45:33,973 usb_communication 14304 24040 Enviando C:\django\DivertyCam-Django\media\collage\results\collage_8368c86f-b0a4-4e9a-8893-ef15e4703df7.jpeg a /sdcard/photobooth/images/collage_9e92eb7d-4c8f-4fc5-826c-f9920421857f.jpg
INFO 2025-06-05 22:45:34,371 usb_communication 14304 24040 Collage enviado exitosamente a dispositivo móvil
INFO 2025-06-06 00:12:50,657 usb_communication 3452 4624 Enviando C:\django\DivertyCam-Django\media\collage\results\collage_0843a5ea-5061-4a1e-8ca8-0d6cf343828e.jpeg a /sdcard/photobooth/images/collage_3f692c00-cf6b-4533-8267-d8263f994238.jpg
INFO 2025-06-06 00:12:51,065 usb_communication 3452 4624 Collage enviado exitosamente a dispositivo móvil
INFO 2025-06-06 00:14:24,066 usb_communication 3452 20944 Enviando C:\django\DivertyCam-Django\media\collage\results\collage_0843a5ea-5061-4a1e-8ca8-0d6cf343828e.jpeg a /sdcard/photobooth/images/collage_3f692c00-cf6b-4533-8267-d8263f994238.jpg
INFO 2025-06-06 00:14:24,459 usb_communication 3452 20944 Collage enviado exitosamente a dispositivo móvil
INFO 2025-06-06 00:15:32,456 usb_communication 3452 9152 Enviando C:\django\DivertyCam-Django\media\collage\results\collage_0843a5ea-5061-4a1e-8ca8-0d6cf343828e.jpeg a /sdcard/photobooth/images/collage_3f692c00-cf6b-4533-8267-d8263f994238.jpg
INFO 2025-06-06 00:15:32,840 usb_communication 3452 9152 Collage enviado exitosamente a dispositivo móvil
INFO 2025-06-06 00:38:58,917 usb_communication 26204 5672 Enviando C:\django\DivertyCam-Django\media\collage\results\collage_76a8513e-b1eb-4f9b-8fd8-56400ea65509.jpeg a /sdcard/photobooth/images/collage_1e7aec7c-c46a-44ec-a972-db6e9aeb1d24.jpg
INFO 2025-06-06 00:38:59,396 usb_communication 26204 5672 Collage enviado exitosamente a dispositivo móvil
INFO 2025-06-06 00:39:20,172 usb_communication 26204 5672 Enviando C:\django\DivertyCam-Django\media\collage\results\collage_76a8513e-b1eb-4f9b-8fd8-56400ea65509.jpeg a /sdcard/photobooth/images/collage_1e7aec7c-c46a-44ec-a972-db6e9aeb1d24.jpg
INFO 2025-06-06 00:39:20,639 usb_communication 26204 5672 Collage enviado exitosamente a dispositivo móvil
=======
ERROR 2025-06-05 09:18:11,361 usb_communication 3532 1200 ADB no encontrado en la ruta: C:\Users\DELL\AppData\Local\Android\Sdk\platform-tools\adb.exe
ERROR 2025-06-05 10:49:09,408 usb_communication 20160 17572 ADB no encontrado en la ruta: C:\Users\DELL\AppData\Local\Android\Sdk\platform-tools\adb.exe
ERROR 2025-06-05 10:49:39,414 usb_communication 20160 17572 ADB no encontrado en la ruta: C:\Users\DELL\AppData\Local\Android\Sdk\platform-tools\adb.exe
ERROR 2025-06-05 10:50:08,893 usb_communication 20160 18360 ADB no encontrado en la ruta: C:\Users\DELL\AppData\Local\Android\Sdk\platform-tools\adb.exe
ERROR 2025-06-05 10:52:30,401 usb_communication 20160 18608 ADB no encontrado en la ruta: C:\Users\DELL\AppData\Local\Android\Sdk\platform-tools\adb.exe
ERROR 2025-06-05 10:53:00,411 usb_communication 20160 18608 ADB no encontrado en la ruta: C:\Users\DELL\AppData\Local\Android\Sdk\platform-tools\adb.exe
ERROR 2025-06-05 18:56:00,234 usb_communication 21352 22240 ADB no encontrado en la ruta: C:\Users\DELL\AppData\Local\Android\Sdk\platform-tools\adb.exe
ERROR 2025-06-05 19:13:02,554 usb_communication 21352 21988 ADB no encontrado en la ruta: C:\Users\DELL\AppData\Local\Android\Sdk\platform-tools\adb.exe
ERROR 2025-06-05 19:13:32,563 usb_communication 21352 21988 ADB no encontrado en la ruta: C:\Users\DELL\AppData\Local\Android\Sdk\platform-tools\adb.exe
ERROR 2025-06-05 19:14:01,743 usb_communication 21352 21988 ADB no encontrado en la ruta: C:\Users\DELL\AppData\Local\Android\Sdk\platform-tools\adb.exe
ERROR 2025-06-05 19:14:32,567 usb_communication 21352 21988 ADB no encontrado en la ruta: C:\Users\DELL\AppData\Local\Android\Sdk\platform-tools\adb.exe
ERROR 2025-06-05 19:15:02,554 usb_communication 21352 21988 ADB no encontrado en la ruta: C:\Users\DELL\AppData\Local\Android\Sdk\platform-tools\adb.exe
ERROR 2025-06-05 19:15:32,559 usb_communication 21352 21988 ADB no encontrado en la ruta: C:\Users\DELL\AppData\Local\Android\Sdk\platform-tools\adb.exe
ERROR 2025-06-05 19:16:20,556 usb_communication 21352 8660 ADB no encontrado en la ruta: C:\Users\DELL\AppData\Local\Android\Sdk\platform-tools\adb.exe
ERROR 2025-06-05 19:16:50,559 usb_communication 21352 8660 ADB no encontrado en la ruta: C:\Users\DELL\AppData\Local\Android\Sdk\platform-tools\adb.exe
ERROR 2025-06-05 19:17:20,557 usb_communication 21352 8660 ADB no encontrado en la ruta: C:\Users\DELL\AppData\Local\Android\Sdk\platform-tools\adb.exe
ERROR 2025-06-05 19:17:50,564 usb_communication 21352 8660 ADB no encontrado en la ruta: C:\Users\DELL\AppData\Local\Android\Sdk\platform-tools\adb.exe
ERROR 2025-06-05 19:18:20,560 usb_communication 21352 8660 ADB no encontrado en la ruta: C:\Users\DELL\AppData\Local\Android\Sdk\platform-tools\adb.exe
ERROR 2025-06-05 19:18:50,556 usb_communication 21352 8660 ADB no encontrado en la ruta: C:\Users\DELL\AppData\Local\Android\Sdk\platform-tools\adb.exe
ERROR 2025-06-05 19:19:20,555 usb_communication 21352 8660 ADB no encontrado en la ruta: C:\Users\DELL\AppData\Local\Android\Sdk\platform-tools\adb.exe
ERROR 2025-06-05 19:19:56,130 usb_communication 21352 8660 ADB no encontrado en la ruta: C:\Users\DELL\AppData\Local\Android\Sdk\platform-tools\adb.exe
ERROR 2025-06-05 19:20:28,550 usb_communication 21352 10868 ADB no encontrado en la ruta: C:\Users\DELL\AppData\Local\Android\Sdk\platform-tools\adb.exe
ERROR 2025-06-05 19:20:58,557 usb_communication 21352 10868 ADB no encontrado en la ruta: C:\Users\DELL\AppData\Local\Android\Sdk\platform-tools\adb.exe
ERROR 2025-06-05 19:22:43,553 usb_communication 21352 22092 ADB no encontrado en la ruta: C:\Users\DELL\AppData\Local\Android\Sdk\platform-tools\adb.exe
ERROR 2025-06-05 19:23:13,559 usb_communication 21352 22092 ADB no encontrado en la ruta: C:\Users\DELL\AppData\Local\Android\Sdk\platform-tools\adb.exe
ERROR 2025-06-05 19:23:43,551 usb_communication 21352 22092 ADB no encontrado en la ruta: C:\Users\DELL\AppData\Local\Android\Sdk\platform-tools\adb.exe
ERROR 2025-06-05 19:24:13,559 usb_communication 21352 22092 ADB no encontrado en la ruta: C:\Users\DELL\AppData\Local\Android\Sdk\platform-tools\adb.exe
ERROR 2025-06-05 19:26:09,561 usb_communication 21352 19364 ADB no encontrado en la ruta: C:\Users\DELL\AppData\Local\Android\Sdk\platform-tools\adb.exe
ERROR 2025-06-05 19:26:46,580 usb_communication 21352 15560 ADB no encontrado en la ruta: C:\Users\DELL\AppData\Local\Android\Sdk\platform-tools\adb.exe
ERROR 2025-06-05 19:27:53,097 usb_communication 21352 18784 ADB no encontrado en la ruta: C:\Users\DELL\AppData\Local\Android\Sdk\platform-tools\adb.exe
ERROR 2025-06-05 19:28:34,559 usb_communication 21352 18368 ADB no encontrado en la ruta: C:\Users\DELL\AppData\Local\Android\Sdk\platform-tools\adb.exe
ERROR 2025-06-05 19:29:03,762 usb_communication 21352 18368 ADB no encontrado en la ruta: C:\Users\DELL\AppData\Local\Android\Sdk\platform-tools\adb.exe
ERROR 2025-06-05 19:29:33,760 usb_communication 21352 19872 ADB no encontrado en la ruta: C:\Users\DELL\AppData\Local\Android\Sdk\platform-tools\adb.exe
ERROR 2025-06-05 19:30:04,568 usb_communication 21352 19872 ADB no encontrado en la ruta: C:\Users\DELL\AppData\Local\Android\Sdk\platform-tools\adb.exe
ERROR 2025-06-05 19:30:43,312 usb_communication 21352 2788 ADB no encontrado en la ruta: C:\Users\DELL\AppData\Local\Android\Sdk\platform-tools\adb.exe
ERROR 2025-06-05 19:31:13,310 usb_communication 21352 2788 ADB no encontrado en la ruta: C:\Users\DELL\AppData\Local\Android\Sdk\platform-tools\adb.exe
ERROR 2025-06-05 19:31:43,312 usb_communication 21352 2788 ADB no encontrado en la ruta: C:\Users\DELL\AppData\Local\Android\Sdk\platform-tools\adb.exe
ERROR 2025-06-05 19:32:13,306 usb_communication 21352 2788 ADB no encontrado en la ruta: C:\Users\DELL\AppData\Local\Android\Sdk\platform-tools\adb.exe
ERROR 2025-06-05 19:32:43,310 usb_communication 21352 2788 ADB no encontrado en la ruta: C:\Users\DELL\AppData\Local\Android\Sdk\platform-tools\adb.exe
ERROR 2025-06-05 19:33:13,307 usb_communication 21352 2788 ADB no encontrado en la ruta: C:\Users\DELL\AppData\Local\Android\Sdk\platform-tools\adb.exe
ERROR 2025-06-05 19:33:43,310 usb_communication 21352 2788 ADB no encontrado en la ruta: C:\Users\DELL\AppData\Local\Android\Sdk\platform-tools\adb.exe
ERROR 2025-06-05 19:34:13,311 usb_communication 21352 2788 ADB no encontrado en la ruta: C:\Users\DELL\AppData\Local\Android\Sdk\platform-tools\adb.exe
ERROR 2025-06-05 19:34:43,305 usb_communication 21352 2788 ADB no encontrado en la ruta: C:\Users\DELL\AppData\Local\Android\Sdk\platform-tools\adb.exe
ERROR 2025-06-05 19:35:13,305 usb_communication 21352 2788 ADB no encontrado en la ruta: C:\Users\DELL\AppData\Local\Android\Sdk\platform-tools\adb.exe
ERROR 2025-06-05 19:35:43,305 usb_communication 21352 12512 ADB no encontrado en la ruta: C:\Users\DELL\AppData\Local\Android\Sdk\platform-tools\adb.exe
ERROR 2025-06-05 19:36:13,305 usb_communication 21352 12512 ADB no encontrado en la ruta: C:\Users\DELL\AppData\Local\Android\Sdk\platform-tools\adb.exe
ERROR 2025-06-05 19:36:43,305 usb_communication 21352 12512 ADB no encontrado en la ruta: C:\Users\DELL\AppData\Local\Android\Sdk\platform-tools\adb.exe
ERROR 2025-06-05 19:37:13,304 usb_communication 21352 12512 ADB no encontrado en la ruta: C:\Users\DELL\AppData\Local\Android\Sdk\platform-tools\adb.exe
ERROR 2025-06-05 19:37:43,305 usb_communication 21352 12512 ADB no encontrado en la ruta: C:\Users\DELL\AppData\Local\Android\Sdk\platform-tools\adb.exe
ERROR 2025-06-05 19:38:13,559 usb_communication 21352 12512 ADB no encontrado en la ruta: C:\Users\DELL\AppData\Local\Android\Sdk\platform-tools\adb.exe
ERROR 2025-06-05 19:38:43,562 usb_communication 21352 12512 ADB no encontrado en la ruta: C:\Users\DELL\AppData\Local\Android\Sdk\platform-tools\adb.exe
ERROR 2025-06-05 19:39:44,564 usb_communication 21352 12512 ADB no encontrado en la ruta: C:\Users\DELL\AppData\Local\Android\Sdk\platform-tools\adb.exe
ERROR 2025-06-05 19:40:45,550 usb_communication 21352 12512 ADB no encontrado en la ruta: C:\Users\DELL\AppData\Local\Android\Sdk\platform-tools\adb.exe
ERROR 2025-06-05 19:41:46,560 usb_communication 21352 12512 ADB no encontrado en la ruta: C:\Users\DELL\AppData\Local\Android\Sdk\platform-tools\adb.exe
ERROR 2025-06-05 19:42:13,305 usb_communication 21352 12512 ADB no encontrado en la ruta: C:\Users\DELL\AppData\Local\Android\Sdk\platform-tools\adb.exe
ERROR 2025-06-05 19:42:43,310 usb_communication 21352 12512 ADB no encontrado en la ruta: C:\Users\DELL\AppData\Local\Android\Sdk\platform-tools\adb.exe
ERROR 2025-06-05 19:43:13,304 usb_communication 21352 12512 ADB no encontrado en la ruta: C:\Users\DELL\AppData\Local\Android\Sdk\platform-tools\adb.exe
ERROR 2025-06-05 19:43:43,304 usb_communication 21352 12512 ADB no encontrado en la ruta: C:\Users\DELL\AppData\Local\Android\Sdk\platform-tools\adb.exe
ERROR 2025-06-05 19:44:13,307 usb_communication 21352 12512 ADB no encontrado en la ruta: C:\Users\DELL\AppData\Local\Android\Sdk\platform-tools\adb.exe
ERROR 2025-06-05 19:44:43,311 usb_communication 21352 12512 ADB no encontrado en la ruta: C:\Users\DELL\AppData\Local\Android\Sdk\platform-tools\adb.exe
ERROR 2025-06-05 19:45:13,306 usb_communication 21352 12512 ADB no encontrado en la ruta: C:\Users\DELL\AppData\Local\Android\Sdk\platform-tools\adb.exe
ERROR 2025-06-05 19:45:43,310 usb_communication 21352 12512 ADB no encontrado en la ruta: C:\Users\DELL\AppData\Local\Android\Sdk\platform-tools\adb.exe
ERROR 2025-06-05 19:46:13,309 usb_communication 21352 12512 ADB no encontrado en la ruta: C:\Users\DELL\AppData\Local\Android\Sdk\platform-tools\adb.exe
ERROR 2025-06-05 19:46:43,304 usb_communication 21352 12512 ADB no encontrado en la ruta: C:\Users\DELL\AppData\Local\Android\Sdk\platform-tools\adb.exe
ERROR 2025-06-05 19:55:22,560 usb_communication 21352 21712 ADB no encontrado en la ruta: C:\Users\DELL\AppData\Local\Android\Sdk\platform-tools\adb.exe
ERROR 2025-06-05 19:56:41,521 usb_communication 21352 21380 ADB no encontrado en la ruta: C:\Users\DELL\AppData\Local\Android\Sdk\platform-tools\adb.exe
ERROR 2025-06-05 20:03:26,828 usb_communication 21352 980 ADB no encontrado en la ruta: C:\Users\DELL\AppData\Local\Android\Sdk\platform-tools\adb.exe
ERROR 2025-06-05 20:04:59,563 usb_communication 21352 22044 ADB no encontrado en la ruta: C:\Users\DELL\AppData\Local\Android\Sdk\platform-tools\adb.exe
ERROR 2025-06-05 20:05:29,565 usb_communication 21352 11948 ADB no encontrado en la ruta: C:\Users\DELL\AppData\Local\Android\Sdk\platform-tools\adb.exe
ERROR 2025-06-05 20:05:59,555 usb_communication 21352 11948 ADB no encontrado en la ruta: C:\Users\DELL\AppData\Local\Android\Sdk\platform-tools\adb.exe
ERROR 2025-06-05 20:06:29,550 usb_communication 21352 11948 ADB no encontrado en la ruta: C:\Users\DELL\AppData\Local\Android\Sdk\platform-tools\adb.exe
ERROR 2025-06-05 20:06:59,552 usb_communication 21352 11948 ADB no encontrado en la ruta: C:\Users\DELL\AppData\Local\Android\Sdk\platform-tools\adb.exe
ERROR 2025-06-05 20:07:29,562 usb_communication 21352 11948 ADB no encontrado en la ruta: C:\Users\DELL\AppData\Local\Android\Sdk\platform-tools\adb.exe
ERROR 2025-06-05 20:07:59,557 usb_communication 21352 11948 ADB no encontrado en la ruta: C:\Users\DELL\AppData\Local\Android\Sdk\platform-tools\adb.exe
ERROR 2025-06-05 20:08:28,578 usb_communication 21352 11948 ADB no encontrado en la ruta: C:\Users\DELL\AppData\Local\Android\Sdk\platform-tools\adb.exe
ERROR 2025-06-05 20:09:00,555 usb_communication 21352 16712 ADB no encontrado en la ruta: C:\Users\DELL\AppData\Local\Android\Sdk\platform-tools\adb.exe
ERROR 2025-06-05 20:09:29,804 usb_communication 21352 16712 ADB no encontrado en la ruta: C:\Users\DELL\AppData\Local\Android\Sdk\platform-tools\adb.exe
ERROR 2025-06-05 20:10:01,197 usb_communication 21352 22444 ADB no encontrado en la ruta: C:\Users\DELL\AppData\Local\Android\Sdk\platform-tools\adb.exe
ERROR 2025-06-05 20:10:52,103 usb_communication 21352 21060 ADB no encontrado en la ruta: C:\Users\DELL\AppData\Local\Android\Sdk\platform-tools\adb.exe
ERROR 2025-06-05 20:12:03,513 usb_communication 21352 11812 ADB no encontrado en la ruta: C:\Users\DELL\AppData\Local\Android\Sdk\platform-tools\adb.exe
ERROR 2025-06-05 20:12:33,551 usb_communication 21352 11812 ADB no encontrado en la ruta: C:\Users\DELL\AppData\Local\Android\Sdk\platform-tools\adb.exe
ERROR 2025-06-05 20:13:03,564 usb_communication 21352 11812 ADB no encontrado en la ruta: C:\Users\DELL\AppData\Local\Android\Sdk\platform-tools\adb.exe
ERROR 2025-06-05 20:17:09,073 usb_communication 21352 17068 ADB no encontrado en la ruta: C:\Users\DELL\AppData\Local\Android\Sdk\platform-tools\adb.exe
ERROR 2025-06-05 20:17:39,068 usb_communication 21352 13972 ADB no encontrado en la ruta: C:\Users\DELL\AppData\Local\Android\Sdk\platform-tools\adb.exe
ERROR 2025-06-05 20:18:09,563 usb_communication 21352 13972 ADB no encontrado en la ruta: C:\Users\DELL\AppData\Local\Android\Sdk\platform-tools\adb.exe
ERROR 2025-06-05 20:18:39,065 usb_communication 21352 13972 ADB no encontrado en la ruta: C:\Users\DELL\AppData\Local\Android\Sdk\platform-tools\adb.exe
ERROR 2025-06-05 20:19:15,259 usb_communication 21352 2784 ADB no encontrado en la ruta: C:\Users\DELL\AppData\Local\Android\Sdk\platform-tools\adb.exe
ERROR 2025-06-05 20:19:45,263 usb_communication 21352 21456 ADB no encontrado en la ruta: C:\Users\DELL\AppData\Local\Android\Sdk\platform-tools\adb.exe
ERROR 2025-06-05 20:20:15,548 usb_communication 21352 21456 ADB no encontrado en la ruta: C:\Users\DELL\AppData\Local\Android\Sdk\platform-tools\adb.exe
ERROR 2025-06-05 20:20:45,559 usb_communication 21352 21456 ADB no encontrado en la ruta: C:\Users\DELL\AppData\Local\Android\Sdk\platform-tools\adb.exe
ERROR 2025-06-05 20:21:15,553 usb_communication 21352 21456 ADB no encontrado en la ruta: C:\Users\DELL\AppData\Local\Android\Sdk\platform-tools\adb.exe
ERROR 2025-06-05 20:21:45,565 usb_communication 21352 21456 ADB no encontrado en la ruta: C:\Users\DELL\AppData\Local\Android\Sdk\platform-tools\adb.exe
ERROR 2025-06-05 20:22:15,552 usb_communication 21352 21456 ADB no encontrado en la ruta: C:\Users\DELL\AppData\Local\Android\Sdk\platform-tools\adb.exe
ERROR 2025-06-05 20:22:45,264 usb_communication 21352 21456 ADB no encontrado en la ruta: C:\Users\DELL\AppData\Local\Android\Sdk\platform-tools\adb.exe
ERROR 2025-06-05 20:23:33,844 usb_communication 21352 7924 ADB no encontrado en la ruta: C:\Users\DELL\AppData\Local\Android\Sdk\platform-tools\adb.exe
ERROR 2025-06-05 20:24:04,554 usb_communication 21352 7924 ADB no encontrado en la ruta: C:\Users\DELL\AppData\Local\Android\Sdk\platform-tools\adb.exe
ERROR 2025-06-05 20:25:04,365 usb_communication 21352 22200 ADB no encontrado en la ruta: C:\Users\DELL\AppData\Local\Android\Sdk\platform-tools\adb.exe
ERROR 2025-06-05 20:25:34,369 usb_communication 21352 22200 ADB no encontrado en la ruta: C:\Users\DELL\AppData\Local\Android\Sdk\platform-tools\adb.exe
ERROR 2025-06-05 20:26:04,562 usb_communication 21352 10836 ADB no encontrado en la ruta: C:\Users\DELL\AppData\Local\Android\Sdk\platform-tools\adb.exe
ERROR 2025-06-05 20:26:34,553 usb_communication 21352 10836 ADB no encontrado en la ruta: C:\Users\DELL\AppData\Local\Android\Sdk\platform-tools\adb.exe
ERROR 2025-06-05 20:27:04,365 usb_communication 21352 10836 ADB no encontrado en la ruta: C:\Users\DELL\AppData\Local\Android\Sdk\platform-tools\adb.exe
ERROR 2025-06-05 20:27:43,560 usb_communication 21352 10844 ADB no encontrado en la ruta: C:\Users\DELL\AppData\Local\Android\Sdk\platform-tools\adb.exe
ERROR 2025-06-05 20:28:12,740 usb_communication 21352 10844 ADB no encontrado en la ruta: C:\Users\DELL\AppData\Local\Android\Sdk\platform-tools\adb.exe
ERROR 2025-06-05 20:29:03,158 usb_communication 21352 7788 ADB no encontrado en la ruta: C:\Users\DELL\AppData\Local\Android\Sdk\platform-tools\adb.exe
ERROR 2025-06-05 20:29:33,173 usb_communication 21352 18676 ADB no encontrado en la ruta: C:\Users\DELL\AppData\Local\Android\Sdk\platform-tools\adb.exe
ERROR 2025-06-05 20:30:03,160 usb_communication 21352 18676 ADB no encontrado en la ruta: C:\Users\DELL\AppData\Local\Android\Sdk\platform-tools\adb.exe
ERROR 2025-06-05 20:33:25,945 usb_communication 21352 464 ADB no encontrado en la ruta: C:\Users\DELL\AppData\Local\Android\Sdk\platform-tools\adb.exe
ERROR 2025-06-05 20:33:55,947 usb_communication 21352 464 ADB no encontrado en la ruta: C:\Users\DELL\AppData\Local\Android\Sdk\platform-tools\adb.exe
ERROR 2025-06-05 20:34:25,947 usb_communication 21352 20744 ADB no encontrado en la ruta: C:\Users\DELL\AppData\Local\Android\Sdk\platform-tools\adb.exe
ERROR 2025-06-05 20:35:23,803 usb_communication 21352 6776 ADB no encontrado en la ruta: C:\Users\DELL\AppData\Local\Android\Sdk\platform-tools\adb.exe
ERROR 2025-06-05 20:46:47,245 usb_communication 19828 2616 ADB no encontrado en la ruta: C:\Users\DELL\AppData\Local\Android\Sdk\platform-tools\adb.exe
ERROR 2025-06-05 20:54:31,698 usb_communication 19828 1784 ADB no encontrado en la ruta: C:\Users\DELL\AppData\Local\Android\Sdk\platform-tools\adb.exe
ERROR 2025-06-05 20:55:58,305 usb_communication 19828 19032 ADB no encontrado en la ruta: C:\Users\DELL\AppData\Local\Android\Sdk\platform-tools\adb.exe
ERROR 2025-06-05 20:58:28,947 usb_communication 4132 5244 ADB no encontrado en la ruta: C:\Users\DELL\AppData\Local\Android\Sdk\platform-tools\adb.exe
ERROR 2025-06-06 09:00:24,407 usb_communication 5664 13752 ADB no encontrado en la ruta: C:\Users\DELL\AppData\Local\Android\Sdk\platform-tools\adb.exe
ERROR 2025-06-06 09:00:54,398 usb_communication 5664 13752 ADB no encontrado en la ruta: C:\Users\DELL\AppData\Local\Android\Sdk\platform-tools\adb.exe
ERROR 2025-06-06 09:01:24,388 usb_communication 5664 13752 ADB no encontrado en la ruta: C:\Users\DELL\AppData\Local\Android\Sdk\platform-tools\adb.exe
ERROR 2025-06-06 09:01:54,386 usb_communication 5664 13752 ADB no encontrado en la ruta: C:\Users\DELL\AppData\Local\Android\Sdk\platform-tools\adb.exe
ERROR 2025-06-06 09:02:24,387 usb_communication 5664 13752 ADB no encontrado en la ruta: C:\Users\DELL\AppData\Local\Android\Sdk\platform-tools\adb.exe
ERROR 2025-06-06 09:02:54,382 usb_communication 5664 13752 ADB no encontrado en la ruta: C:\Users\DELL\AppData\Local\Android\Sdk\platform-tools\adb.exe
ERROR 2025-06-06 09:03:24,372 usb_communication 5664 13752 ADB no encontrado en la ruta: C:\Users\DELL\AppData\Local\Android\Sdk\platform-tools\adb.exe
ERROR 2025-06-06 09:03:54,366 usb_communication 5664 13752 ADB no encontrado en la ruta: C:\Users\DELL\AppData\Local\Android\Sdk\platform-tools\adb.exe
ERROR 2025-06-06 09:04:24,362 usb_communication 5664 13752 ADB no encontrado en la ruta: C:\Users\DELL\AppData\Local\Android\Sdk\platform-tools\adb.exe
ERROR 2025-06-06 09:04:54,364 usb_communication 5664 13752 ADB no encontrado en la ruta: C:\Users\DELL\AppData\Local\Android\Sdk\platform-tools\adb.exe
ERROR 2025-06-06 09:05:24,355 usb_communication 5664 13752 ADB no encontrado en la ruta: C:\Users\DELL\AppData\Local\Android\Sdk\platform-tools\adb.exe
ERROR 2025-06-06 09:05:54,364 usb_communication 5664 13752 ADB no encontrado en la ruta: C:\Users\DELL\AppData\Local\Android\Sdk\platform-tools\adb.exe
ERROR 2025-06-06 09:06:24,348 usb_communication 5664 13752 ADB no encontrado en la ruta: C:\Users\DELL\AppData\Local\Android\Sdk\platform-tools\adb.exe
ERROR 2025-06-06 09:06:54,349 usb_communication 5664 13752 ADB no encontrado en la ruta: C:\Users\DELL\AppData\Local\Android\Sdk\platform-tools\adb.exe
ERROR 2025-06-06 10:00:40,756 usb_communication 5664 11232 ADB no encontrado en la ruta: C:\Users\DELL\AppData\Local\Android\Sdk\platform-tools\adb.exe
<<<<<<< HEAD
>>>>>>> rama_nueva
=======
ERROR 2025-06-09 07:16:45,803 usb_communication 33828 31712 ADB no encontrado en la ruta: C:\Users\DELL\AppData\Local\Android\Sdk\platform-tools\adb.exe
ERROR 2025-06-09 07:17:15,820 usb_communication 33828 31712 ADB no encontrado en la ruta: C:\Users\DELL\AppData\Local\Android\Sdk\platform-tools\adb.exe
ERROR 2025-06-09 07:17:45,891 usb_communication 33828 38336 ADB no encontrado en la ruta: C:\Users\DELL\AppData\Local\Android\Sdk\platform-tools\adb.exe
ERROR 2025-06-09 07:19:30,719 usb_communication 33828 46076 ADB no encontrado en la ruta: C:\Users\DELL\AppData\Local\Android\Sdk\platform-tools\adb.exe
>>>>>>> 523e2f7d333bedd105f597f6a4acca3798bdac57
INFO 2025-06-09 10:41:28,024 usb_communication 25900 19876 Enviando C:\django\DivertyCam-Django\media\collage\results\collage_f263b111-9fce-4f3f-83f5-1e16e9d2a282.jpeg a /sdcard/photobooth/images/collage_fb535e7f-57af-472b-b1e5-cd415d2a1e91.jpg
INFO 2025-06-09 10:41:28,951 usb_communication 25900 19876 Collage enviado exitosamente a dispositivo móvil
INFO 2025-06-09 10:47:36,768 usb_communication 25900 22700 Enviando C:\django\DivertyCam-Django\media\collage\results\collage_0a35ad98-2585-4738-816a-9d3e85c48290.jpeg a /sdcard/photobooth/images/collage_b54a1fd4-6a23-4172-ba16-4164098ff0b8.jpg
INFO 2025-06-09 10:47:37,386 usb_communication 25900 22700 Collage enviado exitosamente a dispositivo móvil
INFO 2025-06-09 11:17:59,239 usb_communication 4188 22540 Enviando C:\django\DivertyCam-Django\media\collage\results\collage_1a1153ef-8a52-40ac-a3a6-9cb2ff7adff3.jpeg a /sdcard/photobooth/images/collage_6daf641e-9117-4df1-a72d-859bce5c63d3.jpg
INFO 2025-06-09 11:17:59,961 usb_communication 4188 22540 Collage enviado exitosamente a dispositivo móvil
INFO 2025-06-09 11:18:36,733 usb_communication 4188 18008 Enviando C:\django\DivertyCam-Django\media\collage\results\collage_1a1153ef-8a52-40ac-a3a6-9cb2ff7adff3.jpeg a /sdcard/photobooth/images/collage_6daf641e-9117-4df1-a72d-859bce5c63d3.jpg
INFO 2025-06-09 11:18:37,468 usb_communication 4188 18008 Collage enviado exitosamente a dispositivo móvil
INFO 2025-06-09 11:19:52,866 usb_communication 4188 20780 Enviando C:\django\DivertyCam-Django\media\collage\results\collage_1a1153ef-8a52-40ac-a3a6-9cb2ff7adff3.jpeg a /sdcard/photobooth/images/collage_6daf641e-9117-4df1-a72d-859bce5c63d3.jpg
INFO 2025-06-09 11:19:53,466 usb_communication 4188 20780 Collage enviado exitosamente a dispositivo móvil
INFO 2025-06-09 11:20:18,690 usb_communication 4188 21648 Enviando C:\django\DivertyCam-Django\media\collage\results\collage_1a1153ef-8a52-40ac-a3a6-9cb2ff7adff3.jpeg a /sdcard/photobooth/images/collage_6daf641e-9117-4df1-a72d-859bce5c63d3.jpg
INFO 2025-06-09 11:20:19,386 usb_communication 4188 21648 Collage enviado exitosamente a dispositivo móvil
INFO 2025-06-09 11:21:34,679 usb_communication 4188 13228 Enviando C:\django\DivertyCam-Django\media\collage\results\collage_c68e8379-dc5a-4505-bb79-4bae72c76f01.jpeg a /sdcard/photobooth/images/collage_71a1bc40-4f7f-46ee-b55b-33464305593c.jpg
INFO 2025-06-09 11:21:35,451 usb_communication 4188 13228 Collage enviado exitosamente a dispositivo móvil
INFO 2025-06-09 11:22:23,414 usb_communication 4188 24300 Enviando C:\django\DivertyCam-Django\media\collage\results\collage_c68e8379-dc5a-4505-bb79-4bae72c76f01.jpeg a /sdcard/photobooth/images/collage_71a1bc40-4f7f-46ee-b55b-33464305593c.jpg
INFO 2025-06-09 11:22:24,173 usb_communication 4188 24300 Collage enviado exitosamente a dispositivo móvil
INFO 2025-06-09 11:22:44,380 usb_communication 4188 28328 Enviando C:\django\DivertyCam-Django\media\collage\results\collage_c68e8379-dc5a-4505-bb79-4bae72c76f01.jpeg a /sdcard/photobooth/images/collage_71a1bc40-4f7f-46ee-b55b-33464305593c.jpg
INFO 2025-06-09 11:22:44,918 usb_communication 4188 28328 Collage enviado exitosamente a dispositivo móvil
INFO 2025-06-09 11:22:56,362 usb_communication 4188 28328 Enviando C:\django\DivertyCam-Django\media\collage\results\collage_c68e8379-dc5a-4505-bb79-4bae72c76f01.jpeg a /sdcard/photobooth/images/collage_71a1bc40-4f7f-46ee-b55b-33464305593c.jpg
INFO 2025-06-09 11:22:57,151 usb_communication 4188 28328 Collage enviado exitosamente a dispositivo móvil
INFO 2025-06-09 11:43:31,696 usb_communication 11088 24300 Enviando C:\django\DivertyCam-Django\media\collage\results\collage_56250cbd-0785-438b-9f75-549269be0a4a.jpeg a /sdcard/photobooth/images/collage_7eb4570c-7dff-4add-8dc0-128981686cd6.jpg
INFO 2025-06-09 11:43:32,268 usb_communication 11088 24300 Collage enviado exitosamente a dispositivo móvil
INFO 2025-06-09 11:43:53,835 usb_communication 11088 23952 Enviando C:\django\DivertyCam-Django\media\collage\results\collage_56250cbd-0785-438b-9f75-549269be0a4a.jpeg a /sdcard/photobooth/images/collage_7eb4570c-7dff-4add-8dc0-128981686cd6.jpg
INFO 2025-06-09 11:43:54,421 usb_communication 11088 23952 Collage enviado exitosamente a dispositivo móvil
INFO 2025-06-09 11:44:31,877 usb_communication 11088 2312 Enviando C:\django\DivertyCam-Django\media\collage\results\collage_56250cbd-0785-438b-9f75-549269be0a4a.jpeg a /sdcard/photobooth/images/collage_7eb4570c-7dff-4add-8dc0-128981686cd6.jpg
INFO 2025-06-09 11:44:32,640 usb_communication 11088 2312 Collage enviado exitosamente a dispositivo móvil
INFO 2025-06-09 11:45:14,457 usb_communication 11088 2312 Enviando C:\django\DivertyCam-Django\media\collage\results\collage_56250cbd-0785-438b-9f75-549269be0a4a.jpeg a /sdcard/photobooth/images/collage_7eb4570c-7dff-4add-8dc0-128981686cd6.jpg
INFO 2025-06-09 11:45:15,172 usb_communication 11088 2312 Collage enviado exitosamente a dispositivo móvil
INFO 2025-06-09 11:47:38,573 usb_communication 24708 28428 Enviando C:\django\DivertyCam-Django\media\collage\results\collage_840e37b6-6fa5-4c2b-be83-a67aad0082cb.jpeg a /sdcard/photobooth/images/collage_9abb8e48-c55b-43c8-88f1-1d1d5f82c637.jpg
INFO 2025-06-09 11:47:39,346 usb_communication 24708 28428 Collage enviado exitosamente a dispositivo móvil
INFO 2025-06-09 11:48:07,393 usb_communication 24708 22540 Enviando C:\django\DivertyCam-Django\media\collage\results\collage_840e37b6-6fa5-4c2b-be83-a67aad0082cb.jpeg a /sdcard/photobooth/images/collage_9abb8e48-c55b-43c8-88f1-1d1d5f82c637.jpg
INFO 2025-06-09 11:48:08,158 usb_communication 24708 22540 Collage enviado exitosamente a dispositivo móvil
INFO 2025-06-09 11:49:14,903 usb_communication 24708 23992 Enviando C:\django\DivertyCam-Django\media\collage\results\collage_840e37b6-6fa5-4c2b-be83-a67aad0082cb.jpeg a /sdcard/photobooth/images/collage_9abb8e48-c55b-43c8-88f1-1d1d5f82c637.jpg
INFO 2025-06-09 11:49:15,759 usb_communication 24708 23992 Collage enviado exitosamente a dispositivo móvil
INFO 2025-06-10 08:27:41,864 usb_communication 12320 11528 Enviando C:\django\DivertyCam-Django\media\collage\results\collage_66a6909e-a73e-4e35-9cb5-09d4d651134b_1749562049.jpeg a /sdcard/photobooth/images/collage_4cdb113a-e5e5-4e3d-a915-31439a0a0bed.jpg
INFO 2025-06-10 08:27:42,511 usb_communication 12320 11528 Collage enviado exitosamente a dispositivo móvil
INFO 2025-06-10 08:29:12,238 usb_communication 12320 22532 Enviando C:\django\DivertyCam-Django\media\collage\results\collage_66a6909e-a73e-4e35-9cb5-09d4d651134b_1749562049.jpeg a /sdcard/photobooth/images/collage_4cdb113a-e5e5-4e3d-a915-31439a0a0bed.jpg
INFO 2025-06-10 08:29:12,778 usb_communication 12320 22532 Collage enviado exitosamente a dispositivo móvil
INFO 2025-06-10 09:18:27,812 usb_communication 26916 10348 Enviando C:\django\DivertyCam-Django\media\collage\results\collage_50362318-6830-43df-9ad5-d9b300589a01.jpeg a /sdcard/photobooth/images/collage_4a43330d-b26f-4401-a018-dc08a9541730.jpg
INFO 2025-06-10 09:18:28,341 usb_communication 26916 10348 Collage enviado exitosamente a dispositivo móvil
INFO 2025-06-10 09:19:11,493 usb_communication 26916 3908 Enviando C:\django\DivertyCam-Django\media\collage\results\collage_50362318-6830-43df-9ad5-d9b300589a01.jpeg a /sdcard/photobooth/images/collage_4a43330d-b26f-4401-a018-dc08a9541730.jpg
INFO 2025-06-10 09:19:12,021 usb_communication 26916 3908 Collage enviado exitosamente a dispositivo móvil
INFO 2025-06-10 09:19:58,024 usb_communication 26916 15380 Enviando C:\django\DivertyCam-Django\media\collage\results\collage_50362318-6830-43df-9ad5-d9b300589a01.jpeg a /sdcard/photobooth/images/collage_4a43330d-b26f-4401-a018-dc08a9541730.jpg
INFO 2025-06-10 09:19:58,525 usb_communication 26916 15380 Collage enviado exitosamente a dispositivo móvil
INFO 2025-06-10 09:28:23,599 usb_communication 26204 30716 Enviando C:\django\DivertyCam-Django\media\collage\results\collage_ab252ec0-4f0e-4878-aed8-0979eba1e1dc.jpeg a /sdcard/photobooth/images/collage_ccb801e6-04e9-4aa8-8db3-cb6e83af7ea4.jpg
INFO 2025-06-10 09:28:24,195 usb_communication 26204 30716 Collage enviado exitosamente a dispositivo móvil
INFO 2025-06-10 09:30:35,381 usb_communication 26204 12000 Enviando C:\django\DivertyCam-Django\media\collage\results\collage_ab252ec0-4f0e-4878-aed8-0979eba1e1dc.jpeg a /sdcard/photobooth/images/collage_ccb801e6-04e9-4aa8-8db3-cb6e83af7ea4.jpg
INFO 2025-06-10 09:30:36,415 usb_communication 26204 12000 Collage enviado exitosamente a dispositivo móvil
INFO 2025-06-10 09:38:44,858 usb_communication 26204 20280 Enviando C:\django\DivertyCam-Django\media\collage\results\collage_82da5669-6152-4d41-9154-d9c96c23e823.jpeg a /sdcard/photobooth/images/collage_0b2f5b95-96c5-4f46-b108-b8653cc99fe8.jpg
INFO 2025-06-10 09:38:45,450 usb_communication 26204 20280 Collage enviado exitosamente a dispositivo móvil
INFO 2025-06-10 09:40:02,169 usb_communication 26204 5656 Enviando C:\django\DivertyCam-Django\media\collage\results\collage_82da5669-6152-4d41-9154-d9c96c23e823.jpeg a /sdcard/photobooth/images/collage_0b2f5b95-96c5-4f46-b108-b8653cc99fe8.jpg
INFO 2025-06-10 09:40:03,760 usb_communication 26204 5656 Collage enviado exitosamente a dispositivo móvil
INFO 2025-06-10 09:45:35,847 usb_communication 23636 23684 Enviando C:\django\DivertyCam-Django\media\collage\results\collage_2cf1aab2-72b0-48d7-aadc-a3415148ef1f.jpeg a /sdcard/photobooth/images/collage_c2290310-1b2f-4403-8a74-27a6ddf38366.jpg
INFO 2025-06-10 09:45:36,328 usb_communication 23636 23684 Collage enviado exitosamente a dispositivo móvil
INFO 2025-06-10 09:46:31,769 usb_communication 23636 15800 Enviando C:\django\DivertyCam-Django\media\collage\results\collage_2cf1aab2-72b0-48d7-aadc-a3415148ef1f.jpeg a /sdcard/photobooth/images/collage_c2290310-1b2f-4403-8a74-27a6ddf38366.jpg
INFO 2025-06-10 09:46:32,202 usb_communication 23636 15800 Collage enviado exitosamente a dispositivo móvil
INFO 2025-06-10 10:20:32,114 usb_communication 5280 27272 Enviando C:\django\DivertyCam-Django\media\collage\results\collage_5ec50234-165e-4133-a63c-aeb70c2ae34f.jpeg a /sdcard/photobooth/images/collage_8f6461b9-6385-45bf-a84c-9abc263ae240.jpg
INFO 2025-06-10 10:20:33,042 usb_communication 5280 27272 Collage enviado exitosamente a dispositivo móvil
INFO 2025-06-10 10:21:14,554 usb_communication 5280 7364 Enviando C:\django\DivertyCam-Django\media\collage\results\collage_5ec50234-165e-4133-a63c-aeb70c2ae34f.jpeg a /sdcard/photobooth/images/collage_8f6461b9-6385-45bf-a84c-9abc263ae240.jpg
INFO 2025-06-10 10:21:15,059 usb_communication 5280 7364 Collage enviado exitosamente a dispositivo móvil
INFO 2025-06-10 10:22:10,197 usb_communication 5280 31372 Enviando C:\django\DivertyCam-Django\media\collage\results\collage_2fea149c-5f82-4dfa-9139-60dbc9a1d1d6.jpeg a /sdcard/photobooth/images/collage_d82195ad-4290-473d-86a2-31338555dc1a.jpg
INFO 2025-06-10 10:22:10,674 usb_communication 5280 31372 Collage enviado exitosamente a dispositivo móvil
INFO 2025-06-10 10:35:45,552 usb_communication 29288 30892 Enviando C:\django\DivertyCam-Django\media\collage\results\collage_46f34a19-3a09-4545-ba69-3b831f732b91.jpeg a /sdcard/photobooth/images/collage_7aa06dbb-b6e0-4c5d-916d-8e9d393c6015.jpg
INFO 2025-06-10 10:35:46,098 usb_communication 29288 30892 Collage enviado exitosamente a dispositivo móvil
INFO 2025-06-10 10:36:20,126 usb_communication 29288 29492 Enviando C:\django\DivertyCam-Django\media\collage\results\collage_46f34a19-3a09-4545-ba69-3b831f732b91.jpeg a /sdcard/photobooth/images/collage_7aa06dbb-b6e0-4c5d-916d-8e9d393c6015.jpg
INFO 2025-06-10 10:36:20,712 usb_communication 29288 29492 Collage enviado exitosamente a dispositivo móvil
INFO 2025-06-10 11:28:27,256 usb_communication 8520 22916 Enviando C:\django\DivertyCam-Django\media\collage\results\collage_a7d3562e-2498-40da-b7a5-80a902e94cec.jpeg a /sdcard/photobooth/images/collage_21aad14e-5656-499a-9786-5625e7388036_20250610_112826.jpg
INFO 2025-06-10 11:28:27,953 usb_communication 8520 22916 Collage enviado exitosamente a dispositivo móvil
INFO 2025-06-10 11:28:59,681 usb_communication 8520 7248 Enviando C:\django\DivertyCam-Django\media\collage\results\collage_a7d3562e-2498-40da-b7a5-80a902e94cec.jpeg a /sdcard/photobooth/images/collage_21aad14e-5656-499a-9786-5625e7388036_20250610_112858.jpg
INFO 2025-06-10 11:29:00,276 usb_communication 8520 7248 Collage enviado exitosamente a dispositivo móvil
INFO 2025-06-10 11:29:59,636 usb_communication 8520 31560 Enviando C:\django\DivertyCam-Django\media\collage\results\collage_a7d3562e-2498-40da-b7a5-80a902e94cec.jpeg a /sdcard/photobooth/images/collage_21aad14e-5656-499a-9786-5625e7388036_20250610_112958.jpg
INFO 2025-06-10 11:30:00,159 usb_communication 8520 31560 Collage enviado exitosamente a dispositivo móvil
INFO 2025-06-10 11:36:31,463 usb_communication 8520 20540 Enviando C:\django\DivertyCam-Django\media\collage\results\collage_a7d3562e-2498-40da-b7a5-80a902e94cec.jpeg a /sdcard/photobooth/images/collage_21aad14e-5656-499a-9786-5625e7388036_20250610_113630.jpg
INFO 2025-06-10 11:36:31,945 usb_communication 8520 20540 Collage enviado exitosamente a dispositivo móvil
INFO 2025-06-10 12:28:43,458 usb_communication 23984 25784 Enviando C:\django\DivertyCam-Django\media\collage\results\collage_1ad83251-28ab-4da7-8153-32d69675e3db.jpeg a /sdcard/photobooth/images/collage_9d50e39d-55a9-44d7-ae30-ad88964fe969_20250610_122842.jpg
INFO 2025-06-10 12:28:44,106 usb_communication 23984 25784 Collage enviado exitosamente a dispositivo móvil
INFO 2025-06-10 12:49:02,546 usb_communication 17844 4428 Enviando C:\django\DivertyCam-Django\media\collage\results\collage_9a78a1d7-0910-4cd8-9faa-9b57caa78ec8.jpeg a /sdcard/photobooth/images/collage_0bab6aeb-adaa-42b3-b5a7-3e18798813d5_20250610_124901.jpg
INFO 2025-06-10 12:49:03,245 usb_communication 17844 4428 Collage enviado exitosamente a dispositivo móvil
INFO 2025-06-10 13:07:53,005 usb_communication 28656 20976 Enviando C:\django\DivertyCam-Django\media\collage\results\collage_373d3af2-9fd6-4aad-ad88-e5398a0cda13.jpeg a /sdcard/photobooth/images/collage_8d5407e5-121c-4a7d-934e-7b6589ac4b35_20250610_130751.jpg
INFO 2025-06-10 13:07:53,744 usb_communication 28656 20976 Collage enviado exitosamente a dispositivo móvil
INFO 2025-06-10 13:19:06,217 usb_communication 24180 24660 Enviando C:\django\DivertyCam-Django\media\collage\results\collage_4311c1de-901b-4eda-8aae-c89cf237a1df.jpeg a /sdcard/photobooth/images/collage_28c3f76e-f75f-428c-af26-c779a9613982_20250610_131904.jpg
INFO 2025-06-10 13:19:06,749 usb_communication 24180 24660 Collage enviado exitosamente a dispositivo móvil
INFO 2025-06-10 13:19:32,255 usb_communication 24180 31396 Enviando C:\django\DivertyCam-Django\media\collage\results\collage_2fbcc017-d0f1-4a77-b197-ae17cd94e561.jpeg a /sdcard/photobooth/images/collage_28c3f76e-f75f-428c-af26-c779a9613982_20250610_131931.jpg
INFO 2025-06-10 13:19:32,834 usb_communication 24180 31396 Collage enviado exitosamente a dispositivo móvil
INFO 2025-06-10 13:20:04,485 usb_communication 24180 31528 Enviando C:\django\DivertyCam-Django\media\collage\results\collage_a517d032-e96a-4d8d-b015-dd953296a5be.jpeg a /sdcard/photobooth/images/collage_28c3f76e-f75f-428c-af26-c779a9613982_20250610_132003.jpg
INFO 2025-06-10 13:20:05,010 usb_communication 24180 31528 Collage enviado exitosamente a dispositivo móvil
INFO 2025-06-10 13:58:28,401 usb_communication 25668 31252 Enviando C:\django\DivertyCam-Django\media\collage\results\collage_74a3f290-e410-4626-95d6-0b03d9cc91d6.jpeg a /sdcard/photobooth/images/collage_8ba131cc-cdee-4c83-8fc6-41f35e39dc31_20250610_135827.jpg
INFO 2025-06-10 13:58:29,096 usb_communication 25668 31252 Collage enviado exitosamente a dispositivo móvil
INFO 2025-06-10 15:13:54,252 usb_communication 19224 30028 Enviando C:\django\DivertyCam-Django\media\collage\results\collage_6d0537cd-b66c-4e4a-bc7c-75ab95ac06ee.jpeg a /sdcard/photobooth/images/collage_b1214a88-394f-4de0-95d0-1d96e905cf85_20250610_151352.jpg
INFO 2025-06-10 15:13:55,251 usb_communication 19224 30028 Collage enviado exitosamente a dispositivo móvil
INFO 2025-06-10 22:13:58,868 usb_communication 21256 30216 Enviando C:\django\DivertyCam-Django\media\collage\results\collage_39966d38-5ede-4a51-abb3-44d2c0b13d4d.jpeg a /sdcard/photobooth/images/collage_7f637732-ec43-4372-b248-d7c9a99add67_20250610_221358.jpg
INFO 2025-06-10 22:13:59,435 usb_communication 21256 30216 Collage enviado exitosamente a dispositivo móvil
INFO 2025-06-10 22:15:23,526 usb_communication 21256 10632 Enviando C:\django\DivertyCam-Django\media\collage\results\collage_aef267e2-4a0c-4d8e-b46b-b2f371552c06.jpeg a /sdcard/photobooth/images/collage_7f637732-ec43-4372-b248-d7c9a99add67_20250610_221522.jpg
INFO 2025-06-10 22:15:23,922 usb_communication 21256 10632 Collage enviado exitosamente a dispositivo móvil
INFO 2025-06-10 23:05:21,596 usb_communication 16440 18464 Enviando C:\django\DivertyCam-Django\media\collage\results\collage_ff8d6adc-b667-4ff1-904a-bea200437edb.jpeg a /sdcard/photobooth/images/collage_830585ce-c687-4186-83fa-bff47caf973d_20250610_230520.jpg
INFO 2025-06-10 23:05:22,938 usb_communication 16440 18464 Collage enviado exitosamente a dispositivo móvil
INFO 2025-06-10 23:17:26,674 usb_communication 22364 25632 Enviando C:\django\DivertyCam-Django\media\collage\results\collage_d329aa23-17f0-4010-9644-93f57448d239.jpeg a /sdcard/photobooth/images/collage_9bc63f23-7d0a-4733-b7f2-2225e06efec7_20250610_231725.jpg
INFO 2025-06-10 23:17:27,146 usb_communication 22364 25632 Collage enviado exitosamente a dispositivo móvil
INFO 2025-06-10 23:45:48,954 usb_communication 30092 4996 Enviando C:\django\DivertyCam-Django\media\collage\results\collage_9c1afd44-b45d-46b9-8f52-f75552c3bf81.jpeg a /sdcard/photobooth/images/collage_76137f49-ba6c-4e93-99ef-bb57af712608_20250610_234547.jpg
INFO 2025-06-10 23:45:49,657 usb_communication 30092 4996 Collage enviado exitosamente a dispositivo móvil
INFO 2025-06-10 23:49:04,989 usb_communication 13912 23920 Enviando C:\django\DivertyCam-Django\media\collage\results\collage_adfe213f-9337-4da4-8856-e717ed476027.jpeg a /sdcard/photobooth/images/collage_a330feb8-7df1-49c7-9a66-357444aa03a9_20250610_234904.jpg
INFO 2025-06-10 23:49:05,501 usb_communication 13912 23920 Collage enviado exitosamente a dispositivo móvil
INFO 2025-06-11 00:00:26,888 usb_communication 30268 17060 Enviando C:\django\DivertyCam-Django\media\collage\results\collage_ab49a46a-a543-4fa0-9222-b1eabbe2857f.jpeg a /sdcard/photobooth/images/collage_2bdb5286-3d5b-4040-9346-28e3af35df9f_20250611_000025.jpg
INFO 2025-06-11 00:00:27,557 usb_communication 30268 17060 Collage enviado exitosamente a dispositivo móvil
INFO 2025-06-11 00:07:13,639 usb_communication 30268 27240 Enviando C:\django\DivertyCam-Django\media\collage\results\collage_d81498ed-9c9a-445f-b46b-bed96f0d17c0.jpeg a /sdcard/photobooth/images/collage_142c6aaf-94f3-4d87-9daf-36aa9526a6b7_20250611_000712.jpg
INFO 2025-06-11 00:07:14,725 usb_communication 30268 27240 Collage enviado exitosamente a dispositivo móvil
INFO 2025-06-11 00:11:20,887 usb_communication 19140 7780 Enviando C:\django\DivertyCam-Django\media\collage\results\collage_7c74d6d7-9a52-4b7b-a4d7-3c80fbb1e3ed.jpeg a /sdcard/photobooth/images/collage_3b809ed5-bf28-4a09-b553-06d3a15bb8bc_20250611_001120.jpg
INFO 2025-06-11 00:11:21,703 usb_communication 19140 7780 Collage enviado exitosamente a dispositivo móvil
INFO 2025-06-11 00:15:59,381 usb_communication 11080 30008 Enviando C:\django\DivertyCam-Django\media\collage\results\collage_7ff174ba-536d-49d7-b3f6-91bbd66c9e3f.jpeg a /sdcard/photobooth/images/collage_700e88e9-4067-47d1-87d9-b968429a8bd0_20250611_001558.jpg
INFO 2025-06-11 00:15:59,712 usb_communication 11080 30008 Collage enviado exitosamente a dispositivo móvil
INFO 2025-06-11 00:16:49,543 usb_communication 12884 21488 Enviando C:\django\DivertyCam-Django\media\collage\results\collage_066acda8-71ab-4ada-ab91-a2d5840fda06.jpeg a /sdcard/photobooth/images/collage_63327fb1-6150-4ae3-b6f6-246cc24014bc_20250611_001648.jpg
INFO 2025-06-11 00:16:49,904 usb_communication 12884 21488 Collage enviado exitosamente a dispositivo móvil
INFO 2025-06-11 00:23:33,594 usb_communication 14552 7076 Enviando C:\django\DivertyCam-Django\media\collage\results\collage_68ccc65b-5599-4fde-b472-ddd35f25850d.jpeg a /sdcard/photobooth/images/collage_0527a593-4816-4852-a37d-17b53c0accb6_20250611_002332.jpg
INFO 2025-06-11 00:23:33,934 usb_communication 14552 7076 Collage enviado exitosamente a dispositivo móvil
INFO 2025-06-11 00:23:45,238 usb_communication 14552 29956 Enviando C:\django\DivertyCam-Django\media\collage\results\collage_68ccc65b-5599-4fde-b472-ddd35f25850d.jpeg a /sdcard/photobooth/images/collage_0527a593-4816-4852-a37d-17b53c0accb6_20250611_002344.jpg
INFO 2025-06-11 00:23:45,630 usb_communication 14552 29956 Collage enviado exitosamente a dispositivo móvil
INFO 2025-06-11 00:26:24,980 usb_communication 14552 27360 Enviando C:\django\DivertyCam-Django\media\collage\results\collage_95a81a9e-0362-4365-9057-a5334fa95680.jpeg a /sdcard/photobooth/images/collage_6d08d3e9-9525-488e-8498-ef913fc3f3aa_20250611_002623.jpg
INFO 2025-06-11 00:26:25,544 usb_communication 14552 27360 Collage enviado exitosamente a dispositivo móvil
INFO 2025-06-11 00:31:55,673 usb_communication 14552 12992 Enviando C:\django\DivertyCam-Django\media\collage\results\collage_88ae80a8-359f-47eb-8dcb-567bc44511fb.jpeg a /sdcard/photobooth/images/collage_a129ea3a-5ba5-4dbc-9157-359eba9b2a65_20250611_003154.jpg
INFO 2025-06-11 00:31:56,112 usb_communication 14552 12992 Collage enviado exitosamente a dispositivo móvil
INFO 2025-06-11 00:37:08,911 usb_communication 14552 15912 Enviando C:\django\DivertyCam-Django\media\collage\results\collage_1c598487-361c-410a-a6cc-0c0464320129.jpeg a /sdcard/photobooth/images/collage_65645eff-9f1a-4415-a2e4-aabf880f5b58_20250611_003707.jpg
INFO 2025-06-11 00:37:09,441 usb_communication 14552 15912 Collage enviado exitosamente a dispositivo móvil
INFO 2025-06-11 00:45:27,664 usb_communication 14552 29492 Enviando C:\django\DivertyCam-Django\media\collage\results\collage_f85cc4e5-38f9-43e2-a4fb-59c095fd161f.jpeg a /sdcard/photobooth/images/collage_8ebdbc58-b800-44ed-b029-61cd08a0cf0a_20250611_004526.jpg
INFO 2025-06-11 00:45:28,174 usb_communication 14552 29492 Collage enviado exitosamente a dispositivo móvil
INFO 2025-06-11 00:46:38,490 usb_communication 14552 25576 Enviando C:\django\DivertyCam-Django\media\collage\results\collage_9fba8996-af6e-4be1-b05c-253c74ac614f.jpeg a /sdcard/photobooth/images/collage_8e20f3ee-353a-4fef-82c6-c22a41858261_20250611_004637.jpg
INFO 2025-06-11 00:46:38,876 usb_communication 14552 25576 Collage enviado exitosamente a dispositivo móvil
INFO 2025-06-11 00:48:35,934 usb_communication 14552 30144 Enviando C:\django\DivertyCam-Django\media\collage\results\collage_d3fbaf9e-6c82-4ee4-8c8d-e6dac97d00fb.jpeg a /sdcard/photobooth/images/collage_16b952bb-e12c-4616-a897-06508844d9cf_20250611_004835.jpg
INFO 2025-06-11 00:48:36,337 usb_communication 14552 30144 Collage enviado exitosamente a dispositivo móvil
INFO 2025-06-11 00:49:40,921 usb_communication 14552 29792 Enviando C:\django\DivertyCam-Django\media\collage\results\collage_e1466d43-c8e1-4ab2-bb4c-9b55714e5230.jpeg a /sdcard/photobooth/images/collage_e7a24f6a-b723-43d8-97d3-5a8352da26c1_20250611_004939.jpg
INFO 2025-06-11 00:49:41,705 usb_communication 14552 29792 Collage enviado exitosamente a dispositivo móvil
INFO 2025-06-11 00:51:33,430 usb_communication 14552 30776 Enviando C:\django\DivertyCam-Django\media\collage\results\collage_8385f4f6-018a-4ee7-9a37-7628782c39c0.jpeg a /sdcard/photobooth/images/collage_565941ae-578f-430f-a12d-f25a2b514685_20250611_005132.jpg
INFO 2025-06-11 00:51:33,705 usb_communication 14552 30776 Collage enviado exitosamente a dispositivo móvil
INFO 2025-06-11 00:54:37,435 usb_communication 14552 5628 Enviando C:\django\DivertyCam-Django\media\collage\results\collage_20cd6d68-353c-4b24-ba6c-578e1e739d86.jpeg a /sdcard/photobooth/images/collage_67e535d4-336d-46ac-817c-2959a2dfc9a9_20250611_005436.jpg
INFO 2025-06-11 00:54:37,790 usb_communication 14552 5628 Collage enviado exitosamente a dispositivo móvil
INFO 2025-06-11 00:56:01,391 usb_communication 14552 20280 Enviando C:\django\DivertyCam-Django\media\collage\results\collage_1e3fff39-6199-4c12-bcb2-1e62ac6ecab5.jpeg a /sdcard/photobooth/images/collage_d5c4f7e4-34cd-41e7-88b9-c098133fad04_20250611_005600.jpg
INFO 2025-06-11 00:56:01,679 usb_communication 14552 20280 Collage enviado exitosamente a dispositivo móvil
INFO 2025-06-11 01:02:03,345 usb_communication 14552 30280 Enviando C:\django\DivertyCam-Django\media\collage\results\collage_fe116817-e8e6-409a-8df3-ddf36cc451b6.jpeg a /sdcard/photobooth/images/collage_68986b2a-2d5c-46b2-9130-8566ba835560_20250611_010202.jpg
INFO 2025-06-11 01:02:03,630 usb_communication 14552 30280 Collage enviado exitosamente a dispositivo móvil
INFO 2025-06-11 01:05:21,773 usb_communication 14552 28792 Enviando C:\django\DivertyCam-Django\media\collage\results\collage_31f225d2-270f-4fae-a406-135da07897e1.jpeg a /sdcard/photobooth/images/collage_5d761963-f2fe-493a-a9e1-334aae9a9aac_20250611_010521.jpg
INFO 2025-06-11 01:05:22,016 usb_communication 14552 28792 Collage enviado exitosamente a dispositivo móvil
INFO 2025-06-11 01:06:54,982 usb_communication 14552 17720 Enviando C:\django\DivertyCam-Django\media\collage\results\collage_cd9de1b5-3934-4f3c-af3c-6be933ea018c.jpeg a /sdcard/photobooth/images/collage_7a367dd3-d81f-4729-9b02-d3f1d7bd0f56_20250611_010654.jpg
INFO 2025-06-11 01:06:55,260 usb_communication 14552 17720 Collage enviado exitosamente a dispositivo móvil
INFO 2025-06-11 01:08:28,930 usb_communication 14552 8304 Enviando C:\django\DivertyCam-Django\media\collage\results\collage_c4314b84-8db3-405d-be31-020bcc80268b.jpeg a /sdcard/photobooth/images/collage_13479e65-666e-4e28-81fe-b08a548e30a7_20250611_010827.jpg
INFO 2025-06-11 01:08:29,210 usb_communication 14552 8304 Collage enviado exitosamente a dispositivo móvil
INFO 2025-06-11 01:11:41,710 usb_communication 14552 18920 Enviando C:\django\DivertyCam-Django\media\collage\results\collage_93f02efd-47af-4799-850b-efeef199e0e4.jpeg a /sdcard/photobooth/images/collage_e857a64f-9fe3-47d0-95be-1356890b0d31_20250611_011141.jpg
INFO 2025-06-11 01:11:42,032 usb_communication 14552 18920 Collage enviado exitosamente a dispositivo móvil
INFO 2025-06-11 01:18:52,411 usb_communication 16020 28716 Enviando C:\django\DivertyCam-Django\media\collage\results\collage_e1683eca-8871-4246-b978-05497acdbd5d.jpeg a /sdcard/photobooth/images/collage_5daeae4a-a135-4cd4-92c8-cf1574d1b247_20250611_011851.jpg
INFO 2025-06-11 01:18:52,655 usb_communication 16020 28716 Collage enviado exitosamente a dispositivo móvil
INFO 2025-06-11 01:19:38,506 usb_communication 16020 10744 Enviando C:\django\DivertyCam-Django\media\collage\results\collage_9d2e1475-d4c2-4fdf-89ae-71900a500fc3.jpeg a /sdcard/photobooth/images/collage_5daeae4a-a135-4cd4-92c8-cf1574d1b247_20250611_011937.jpg
INFO 2025-06-11 01:19:38,812 usb_communication 16020 10744 Collage enviado exitosamente a dispositivo móvil
INFO 2025-06-11 01:20:20,452 usb_communication 16020 3588 Enviando C:\django\DivertyCam-Django\media\collage\results\collage_cf54305e-f32d-4a0f-bb47-71f744f49f1f.jpeg a /sdcard/photobooth/images/collage_5daeae4a-a135-4cd4-92c8-cf1574d1b247_20250611_012019.jpg
INFO 2025-06-11 01:20:20,778 usb_communication 16020 3588 Collage enviado exitosamente a dispositivo móvil
INFO 2025-06-11 07:14:08,071 usb_communication 5088 20660 Enviando C:\django\DivertyCam-Django\media\collage\results\collage_73f84c2f-550a-4aeb-8f60-9a765a80f091.jpeg a /sdcard/photobooth/images/collage_e97b63c1-10bf-4402-855f-16c8c8416cf0_20250611_071406.jpg
ERROR 2025-06-11 07:14:08,247 usb_communication 5088 20660 Error copiando imagen: adb: error: failed to get feature set: more than one device/emulator

INFO 2025-06-11 07:14:22,856 usb_communication 5088 5752 Enviando C:\django\DivertyCam-Django\media\collage\results\collage_73f84c2f-550a-4aeb-8f60-9a765a80f091.jpeg a /sdcard/photobooth/images/collage_e97b63c1-10bf-4402-855f-16c8c8416cf0_20250611_071421.jpg
ERROR 2025-06-11 07:14:23,067 usb_communication 5088 5752 Error copiando imagen: adb: error: failed to get feature set: more than one device/emulator

INFO 2025-06-11 07:14:43,395 usb_communication 5088 4216 Enviando C:\django\DivertyCam-Django\media\collage\results\collage_73f84c2f-550a-4aeb-8f60-9a765a80f091.jpeg a /sdcard/photobooth/images/collage_e97b63c1-10bf-4402-855f-16c8c8416cf0_20250611_071442.jpg
ERROR 2025-06-11 07:14:43,546 usb_communication 5088 4216 Error copiando imagen: adb: error: failed to get feature set: more than one device/emulator

INFO 2025-06-11 07:16:20,724 usb_communication 17460 4360 Enviando C:\django\DivertyCam-Django\media\collage\results\collage_7d4593c6-38d3-486b-9d67-0b17706f0d8d.jpeg a /sdcard/photobooth/images/collage_c59c6120-fc8a-4b21-a6c4-4f0416f911e6_20250611_071620.jpg
ERROR 2025-06-11 07:16:20,794 usb_communication 17460 4360 Error copiando imagen: adb: error: failed to get feature set: more than one device/emulator

INFO 2025-06-11 07:16:49,356 usb_communication 17460 2564 Enviando C:\django\DivertyCam-Django\media\collage\results\collage_7d4593c6-38d3-486b-9d67-0b17706f0d8d.jpeg a /sdcard/photobooth/images/collage_c59c6120-fc8a-4b21-a6c4-4f0416f911e6_20250611_071648.jpg
ERROR 2025-06-11 07:16:49,419 usb_communication 17460 2564 Error copiando imagen: adb: error: failed to get feature set: more than one device/emulator

INFO 2025-06-11 07:17:29,572 usb_communication 17460 12468 Enviando C:\django\DivertyCam-Django\media\collage\results\collage_f2794112-a62e-4510-b864-1b2a7db4f1f4.jpeg a /sdcard/photobooth/images/collage_89d173e0-da7e-4263-97e9-c15575f9862d_20250611_071729.jpg
ERROR 2025-06-11 07:17:29,622 usb_communication 17460 12468 Error copiando imagen: adb: error: failed to get feature set: more than one device/emulator

INFO 2025-06-11 07:18:39,844 usb_communication 7260 20472 Enviando C:\django\DivertyCam-Django\media\collage\results\collage_67c18296-3494-49b8-bc3f-f3ed6df84ef6.jpeg a /sdcard/photobooth/images/collage_a2f3b2a1-d32d-4105-931a-fe1319d6da50_20250611_071839.jpg
ERROR 2025-06-11 07:18:39,934 usb_communication 7260 20472 Error copiando imagen: adb: error: failed to get feature set: more than one device/emulator

INFO 2025-06-11 07:20:13,590 usb_communication 21868 15904 Enviando C:\django\DivertyCam-Django\media\collage\results\collage_ccdb237c-ad8a-4f5a-8d93-112feefb068e.jpeg a /sdcard/photobooth/images/collage_1957e65c-5060-407b-b66b-ffd53d843e27_20250611_072013.jpg
ERROR 2025-06-11 07:20:13,703 usb_communication 21868 15904 Error copiando imagen: adb: error: failed to get feature set: more than one device/emulator

INFO 2025-06-11 07:22:56,230 usb_communication 11936 21228 Enviando C:\django\DivertyCam-Django\media\collage\results\collage_086b4227-2d19-4dfd-ac2d-d497a496c0db.jpeg a /sdcard/photobooth/images/collage_67fe7dcc-b84f-42e6-849a-5d5f44ac983a_20250611_072255.jpg
ERROR 2025-06-11 07:22:56,371 usb_communication 11936 21228 Error copiando imagen: adb: error: failed to get feature set: more than one device/emulator

INFO 2025-06-11 07:23:06,968 usb_communication 11936 15048 Enviando C:\django\DivertyCam-Django\media\collage\results\collage_086b4227-2d19-4dfd-ac2d-d497a496c0db.jpeg a /sdcard/photobooth/images/collage_67fe7dcc-b84f-42e6-849a-5d5f44ac983a_20250611_072306.jpg
ERROR 2025-06-11 07:23:07,060 usb_communication 11936 15048 Error copiando imagen: adb: error: failed to get feature set: more than one device/emulator

INFO 2025-06-11 07:34:44,041 usb_communication 7768 11616 Enviando C:\django\DivertyCam-Django\media\collage\results\collage_cb2a8d24-5caa-4747-b02f-e974ebf27de2.jpeg a /sdcard/photobooth/images/collage_97937c53-b30d-4324-a316-db183058ff04_20250611_073443.jpg
ERROR 2025-06-11 07:34:44,114 usb_communication 7768 11616 Error copiando imagen: adb: error: failed to get feature set: more than one device/emulator

INFO 2025-06-11 07:50:37,773 usb_communication 23356 20428 Enviando C:\django\DivertyCam-Django\media\collage\results\collage_ca5758dc-6344-4492-a758-aadb0f247c4c.jpeg a /sdcard/photobooth/images/collage_8b899404-7eed-4945-b66b-709918aae923_20250611_075037.jpg
ERROR 2025-06-11 07:50:37,850 usb_communication 23356 20428 Error copiando imagen: adb: error: failed to get feature set: more than one device/emulator

INFO 2025-06-11 08:00:22,898 usb_communication 23356 18152 Enviando C:\django\DivertyCam-Django\media\collage\results\collage_ca5758dc-6344-4492-a758-aadb0f247c4c.jpeg a /sdcard/photobooth/images/collage_8b899404-7eed-4945-b66b-709918aae923_20250611_080022.jpg
ERROR 2025-06-11 08:00:22,954 usb_communication 23356 18152 Error copiando imagen: adb: error: failed to get feature set: more than one device/emulator

INFO 2025-06-11 08:12:33,453 usb_communication 23356 23876 Enviando C:\django\DivertyCam-Django\media\collage\results\collage_ca5758dc-6344-4492-a758-aadb0f247c4c.jpeg a /sdcard/photobooth/images/collage_8b899404-7eed-4945-b66b-709918aae923_20250611_081232.jpg
INFO 2025-06-11 08:12:35,400 usb_communication 23356 23876 Collage enviado exitosamente a dispositivo móvil
INFO 2025-06-11 08:13:31,724 usb_communication 23356 19172 Enviando C:\django\DivertyCam-Django\media\collage\results\collage_ca5758dc-6344-4492-a758-aadb0f247c4c.jpeg a /sdcard/photobooth/images/collage_8b899404-7eed-4945-b66b-709918aae923_20250611_081331.jpg
ERROR 2025-06-11 08:13:31,799 usb_communication 23356 19172 Error copiando imagen: adb: error: failed to get feature set: more than one device/emulator

INFO 2025-06-11 08:19:38,539 usb_communication 23356 26244 Enviando C:\django\DivertyCam-Django\media\collage\results\collage_ca5758dc-6344-4492-a758-aadb0f247c4c.jpeg a /sdcard/photobooth/images/collage_8b899404-7eed-4945-b66b-709918aae923_20250611_081938.jpg
ERROR 2025-06-11 08:19:38,591 usb_communication 23356 26244 Error copiando imagen: adb: error: failed to get feature set: more than one device/emulator

INFO 2025-06-11 08:20:20,207 usb_communication 23356 23812 Enviando C:\django\DivertyCam-Django\media\collage\results\collage_7976d9fd-484f-405b-b60b-9cf01dac5b49.jpeg a /sdcard/photobooth/images/collage_9cee70ce-e9d9-42ae-b497-bd971033aaf5_20250611_082019.jpg
ERROR 2025-06-11 08:20:20,297 usb_communication 23356 23812 Error copiando imagen: adb: error: failed to get feature set: more than one device/emulator

INFO 2025-06-11 08:20:27,674 usb_communication 23356 23812 Enviando C:\django\DivertyCam-Django\media\collage\results\collage_7976d9fd-484f-405b-b60b-9cf01dac5b49.jpeg a /sdcard/photobooth/images/collage_9cee70ce-e9d9-42ae-b497-bd971033aaf5_20250611_082027.jpg
ERROR 2025-06-11 08:20:27,741 usb_communication 23356 23812 Error copiando imagen: adb: error: failed to get feature set: more than one device/emulator

INFO 2025-06-11 08:20:34,117 usb_communication 23356 23768 Enviando C:\django\DivertyCam-Django\media\collage\results\collage_7976d9fd-484f-405b-b60b-9cf01dac5b49.jpeg a /sdcard/photobooth/images/collage_9cee70ce-e9d9-42ae-b497-bd971033aaf5_20250611_082033.jpg
ERROR 2025-06-11 08:20:34,177 usb_communication 23356 23768 Error copiando imagen: adb: error: failed to get feature set: more than one device/emulator

INFO 2025-06-11 08:22:17,296 usb_communication 8860 17564 Enviando C:\django\DivertyCam-Django\media\collage\results\collage_7976d9fd-484f-405b-b60b-9cf01dac5b49.jpeg a /sdcard/photobooth/images/collage_9cee70ce-e9d9-42ae-b497-bd971033aaf5_20250611_082216.jpg
ERROR 2025-06-11 08:22:17,369 usb_communication 8860 17564 Error copiando imagen: adb: error: failed to get feature set: device 'RFCWB1DHYHJ	device' not found

INFO 2025-06-11 08:22:48,378 usb_communication 8860 23668 Enviando C:\django\DivertyCam-Django\media\collage\results\collage_b7eedca5-8190-45ae-95c1-c2e03b50dbe8.jpeg a /sdcard/photobooth/images/collage_38d3c5b8-55b9-4f83-afa4-0ddf3b0297e8_20250611_082247.jpg
ERROR 2025-06-11 08:22:48,448 usb_communication 8860 23668 Error copiando imagen: adb: error: failed to get feature set: device 'RFCWB1DHYHJ	device' not found

INFO 2025-06-11 08:22:57,600 usb_communication 8860 23668 Enviando C:\django\DivertyCam-Django\media\collage\results\collage_b7eedca5-8190-45ae-95c1-c2e03b50dbe8.jpeg a /sdcard/photobooth/images/collage_38d3c5b8-55b9-4f83-afa4-0ddf3b0297e8_20250611_082257.jpg
ERROR 2025-06-11 08:22:57,667 usb_communication 8860 23668 Error copiando imagen: adb: error: failed to get feature set: device 'RFCWB1DHYHJ	device' not found

INFO 2025-06-11 08:24:35,489 usb_communication 8860 2988 Enviando C:\django\DivertyCam-Django\media\collage\results\collage_b7eedca5-8190-45ae-95c1-c2e03b50dbe8.jpeg a /sdcard/photobooth/images/collage_38d3c5b8-55b9-4f83-afa4-0ddf3b0297e8_20250611_082434.jpg
ERROR 2025-06-11 08:24:35,570 usb_communication 8860 2988 Error copiando imagen: adb: error: failed to get feature set: device 'RFCWB1DHYHJ	device' not found

INFO 2025-06-11 08:25:08,556 usb_communication 8860 26180 Enviando C:\django\DivertyCam-Django\media\collage\results\collage_66f59665-defa-4bfa-b752-5759bd7c1707.jpeg a /sdcard/photobooth/images/collage_3440b157-eb8b-4acd-b724-0c9fb77071e0_20250611_082508.jpg
ERROR 2025-06-11 08:25:08,626 usb_communication 8860 26180 Error copiando imagen: adb: error: failed to get feature set: device 'RFCWB1DHYHJ	device' not found

INFO 2025-06-11 08:25:56,342 usb_communication 24920 24476 Enviando C:\django\DivertyCam-Django\media\collage\results\collage_3446d366-3a8e-47ed-a431-79c7c73d1448.jpeg a /sdcard/photobooth/images/collage_9ad2d6f2-1143-4de8-87be-ca70a586ab58_20250611_082555.jpg
INFO 2025-06-11 08:25:56,698 usb_communication 24920 24476 Collage enviado exitosamente a dispositivo móvil
INFO 2025-06-11 08:26:33,004 usb_communication 24920 24476 Enviando C:\django\DivertyCam-Django\media\collage\results\collage_3446d366-3a8e-47ed-a431-79c7c73d1448.jpeg a /sdcard/photobooth/images/collage_9ad2d6f2-1143-4de8-87be-ca70a586ab58_20250611_082632.jpg
INFO 2025-06-11 08:26:33,372 usb_communication 24920 24476 Collage enviado exitosamente a dispositivo móvil
INFO 2025-06-11 08:27:45,057 usb_communication 24920 18020 Enviando C:\django\DivertyCam-Django\media\collage\results\collage_3446d366-3a8e-47ed-a431-79c7c73d1448.jpeg a /sdcard/photobooth/images/collage_9ad2d6f2-1143-4de8-87be-ca70a586ab58_20250611_082744.jpg
INFO 2025-06-11 08:27:45,490 usb_communication 24920 18020 Collage enviado exitosamente a dispositivo móvil
INFO 2025-06-11 08:29:06,068 usb_communication 24920 22876 Enviando C:\django\DivertyCam-Django\media\collage\results\collage_5c6db592-ddff-4131-b315-2cdbf6035104.jpeg a /sdcard/photobooth/images/collage_f6489fd6-9cdf-41c3-bb1f-e070641aa6ce_20250611_082905.jpg
INFO 2025-06-11 08:29:06,460 usb_communication 24920 22876 Collage enviado exitosamente a dispositivo móvil
INFO 2025-06-11 08:30:47,816 usb_communication 24920 24280 Enviando C:\django\DivertyCam-Django\media\collage\results\collage_29ae0ac0-fa35-4d3a-be3c-6475fcca45d7.jpeg a /sdcard/photobooth/images/collage_f6489fd6-9cdf-41c3-bb1f-e070641aa6ce_20250611_083046.jpg
INFO 2025-06-11 08:30:48,184 usb_communication 24920 24280 Collage enviado exitosamente a dispositivo móvil
INFO 2025-06-11 08:36:40,040 usb_communication 24920 22648 Enviando C:\django\DivertyCam-Django\media\collage\results\collage_215575e6-4be4-4e6a-9128-9966c3427e1a.jpeg a /sdcard/photobooth/images/collage_aae83ae2-4eb9-47e5-974b-628f22d05454_20250611_083639.jpg
INFO 2025-06-11 08:36:40,415 usb_communication 24920 22648 Collage enviado exitosamente a dispositivo móvil
INFO 2025-06-11 08:44:06,714 usb_communication 24920 21264 Enviando C:\django\DivertyCam-Django\media\collage\results\collage_3533a920-a572-47a6-9105-d28e612fcf48.jpeg a /sdcard/photobooth/images/collage_fe8a7b03-ad4f-4c2c-93e6-17258daeb30f_20250611_084405.jpg
INFO 2025-06-11 08:44:07,261 usb_communication 24920 21264 Collage enviado exitosamente a dispositivo móvil
INFO 2025-06-11 08:46:07,515 usb_communication 24920 17716 Enviando C:\django\DivertyCam-Django\media\collage\results\collage_3533a920-a572-47a6-9105-d28e612fcf48.jpeg a /sdcard/photobooth/images/collage_fe8a7b03-ad4f-4c2c-93e6-17258daeb30f_20250611_084606.jpg
INFO 2025-06-11 08:46:07,939 usb_communication 24920 17716 Collage enviado exitosamente a dispositivo móvil
INFO 2025-06-11 09:07:56,858 usb_communication 24920 22112 Enviando C:\django\DivertyCam-Django\media\collage\results\collage_3533a920-a572-47a6-9105-d28e612fcf48.jpeg a /sdcard/photobooth/images/collage_fe8a7b03-ad4f-4c2c-93e6-17258daeb30f_20250611_090756.jpg
INFO 2025-06-11 09:07:57,166 usb_communication 24920 22112 Collage enviado exitosamente a dispositivo móvil
INFO 2025-06-11 09:08:23,830 usb_communication 24920 23948 Enviando C:\django\DivertyCam-Django\media\collage\results\collage_5a1a537a-faea-49c0-a0a9-5a3e7a4c765a.jpeg a /sdcard/photobooth/images/collage_fe8a7b03-ad4f-4c2c-93e6-17258daeb30f_20250611_090823.jpg
INFO 2025-06-11 09:08:24,131 usb_communication 24920 23948 Collage enviado exitosamente a dispositivo móvil
INFO 2025-06-11 09:12:56,986 usb_communication 24920 15004 Enviando C:\django\DivertyCam-Django\media\collage\results\collage_5a1a537a-faea-49c0-a0a9-5a3e7a4c765a.jpeg a /sdcard/photobooth/images/collage_fe8a7b03-ad4f-4c2c-93e6-17258daeb30f_20250611_091256.jpg
INFO 2025-06-11 09:12:57,247 usb_communication 24920 15004 Collage enviado exitosamente a dispositivo móvil
INFO 2025-06-11 09:19:34,639 usb_communication 24920 24156 Enviando C:\django\DivertyCam-Django\media\collage\results\collage_2a80e81f-580f-4f3d-8bac-c5af67b01f80.jpeg a /sdcard/photobooth/images/collage_fe8a7b03-ad4f-4c2c-93e6-17258daeb30f_20250611_091933.jpg
INFO 2025-06-11 09:19:35,176 usb_communication 24920 24156 Collage enviado exitosamente a dispositivo móvil
INFO 2025-06-11 09:20:17,636 usb_communication 24920 9772 Enviando C:\django\DivertyCam-Django\media\collage\results\collage_2a80e81f-580f-4f3d-8bac-c5af67b01f80.jpeg a /sdcard/photobooth/images/collage_fe8a7b03-ad4f-4c2c-93e6-17258daeb30f_20250611_092017.jpg
INFO 2025-06-11 09:20:17,951 usb_communication 24920 9772 Collage enviado exitosamente a dispositivo móvil
INFO 2025-06-11 09:20:28,843 usb_communication 24920 13648 Enviando C:\django\DivertyCam-Django\media\collage\results\collage_2a80e81f-580f-4f3d-8bac-c5af67b01f80.jpeg a /sdcard/photobooth/images/collage_fe8a7b03-ad4f-4c2c-93e6-17258daeb30f_20250611_092028.jpg
INFO 2025-06-11 09:20:29,104 usb_communication 24920 13648 Collage enviado exitosamente a dispositivo móvil
INFO 2025-06-11 09:22:05,761 usb_communication 24920 19396 Enviando C:\django\DivertyCam-Django\media\collage\results\collage_2a80e81f-580f-4f3d-8bac-c5af67b01f80.jpeg a /sdcard/photobooth/images/collage_fe8a7b03-ad4f-4c2c-93e6-17258daeb30f_20250611_092205.jpg
INFO 2025-06-11 09:22:06,053 usb_communication 24920 19396 Collage enviado exitosamente a dispositivo móvil
INFO 2025-06-11 09:40:39,184 usb_communication 22996 11968 Enviando C:\django\DivertyCam-Django\media\collage\results\collage_b77f5323-e35f-4d08-9e16-75b10290a76d.jpeg a /sdcard/photobooth/images/collage_5f9b285f-20bc-4e39-86ce-f032baefd60b_20250611_094038.jpg
INFO 2025-06-11 09:40:39,561 usb_communication 22996 11968 Collage enviado exitosamente a dispositivo móvil
